2024-06-05 16:49:20,116 INFO [SpringContextShutdownHook][ExecutorConfigurationSupport.java:218] - Shutting down ExecutorService 'applicationTaskExecutor'
2024-06-05 16:49:20,116 INFO [SpringContextShutdownHook][ExecutorConfigurationSupport.java:218] - Shutting down ExecutorService 'applicationTaskExecutor'
2024-06-05 16:49:23,073 DEBUG [background-preinit][LoggerProviders.java:152] - Logging Provider: org.jboss.logging.Log4j2LoggerProvider
2024-06-05 16:49:23,073 DEBUG [background-preinit][LoggerProviders.java:152] - Logging Provider: org.jboss.logging.Log4j2LoggerProvider
2024-06-05 16:49:23,083 INFO [background-preinit][Version.java:21] - HV000001: Hibernate Validator 6.1.6.Final
2024-06-05 16:49:23,083 INFO [background-preinit][Version.java:21] - HV000001: Hibernate Validator 6.1.6.Final
2024-06-05 16:49:23,091 DEBUG [background-preinit][ValidationXmlParser.java:120] - Trying to load META-INF/validation.xml for XML based Validator configuration.
2024-06-05 16:49:23,091 DEBUG [background-preinit][ValidationXmlParser.java:120] - Trying to load META-INF/validation.xml for XML based Validator configuration.
2024-06-05 16:49:23,093 DEBUG [background-preinit][ResourceLoaderHelper.java:60] - Trying to load META-INF/validation.xml via TCCL
2024-06-05 16:49:23,093 DEBUG [background-preinit][ResourceLoaderHelper.java:60] - Trying to load META-INF/validation.xml via TCCL
2024-06-05 16:49:23,094 DEBUG [background-preinit][ResourceLoaderHelper.java:66] - Trying to load META-INF/validation.xml via Hibernate Validator's class loader
2024-06-05 16:49:23,094 DEBUG [background-preinit][ResourceLoaderHelper.java:66] - Trying to load META-INF/validation.xml via Hibernate Validator's class loader
2024-06-05 16:49:23,094 DEBUG [background-preinit][ValidationXmlParser.java:127] - No META-INF/validation.xml found. Using annotation based configuration only.
2024-06-05 16:49:23,094 DEBUG [background-preinit][ValidationXmlParser.java:127] - No META-INF/validation.xml found. Using annotation based configuration only.
2024-06-05 16:49:23,097 DEBUG [background-preinit][TraversableResolvers.java:60] - Cannot find javax.persistence.Persistence on classpath. Assuming non JPA 2 environment. All properties will per default be traversable.
2024-06-05 16:49:23,097 DEBUG [background-preinit][TraversableResolvers.java:60] - Cannot find javax.persistence.Persistence on classpath. Assuming non JPA 2 environment. All properties will per default be traversable.
2024-06-05 16:49:23,111 DEBUG [background-preinit][ResourceBundleMessageInterpolator.java:172] - Loaded expression factory via original TCCL
2024-06-05 16:49:23,111 DEBUG [background-preinit][ResourceBundleMessageInterpolator.java:172] - Loaded expression factory via original TCCL
2024-06-05 16:49:23,178 DEBUG [background-preinit][ValidatorFactoryConfigurationHelper.java:300] - HV000252: Using org.hibernate.validator.internal.engine.DefaultPropertyNodeNameProvider as property node name provider.
2024-06-05 16:49:23,178 DEBUG [background-preinit][ValidatorFactoryConfigurationHelper.java:300] - HV000252: Using org.hibernate.validator.internal.engine.DefaultPropertyNodeNameProvider as property node name provider.
2024-06-05 16:49:23,182 DEBUG [background-preinit][ValidatorFactoryConfigurationHelper.java:375] - HV000234: Using org.hibernate.validator.messageinterpolation.ResourceBundleMessageInterpolator as ValidatorFactory-scoped message interpolator.
2024-06-05 16:49:23,182 DEBUG [background-preinit][ValidatorFactoryConfigurationHelper.java:375] - HV000234: Using org.hibernate.validator.messageinterpolation.ResourceBundleMessageInterpolator as ValidatorFactory-scoped message interpolator.
2024-06-05 16:49:23,182 DEBUG [background-preinit][ValidatorFactoryConfigurationHelper.java:376] - HV000234: Using org.hibernate.validator.internal.engine.resolver.TraverseAllTraversableResolver as ValidatorFactory-scoped traversable resolver.
2024-06-05 16:49:23,182 DEBUG [background-preinit][ValidatorFactoryConfigurationHelper.java:376] - HV000234: Using org.hibernate.validator.internal.engine.resolver.TraverseAllTraversableResolver as ValidatorFactory-scoped traversable resolver.
2024-06-05 16:49:23,183 DEBUG [background-preinit][ValidatorFactoryConfigurationHelper.java:377] - HV000234: Using org.hibernate.validator.internal.util.ExecutableParameterNameProvider as ValidatorFactory-scoped parameter name provider.
2024-06-05 16:49:23,183 DEBUG [background-preinit][ValidatorFactoryConfigurationHelper.java:377] - HV000234: Using org.hibernate.validator.internal.util.ExecutableParameterNameProvider as ValidatorFactory-scoped parameter name provider.
2024-06-05 16:49:23,183 DEBUG [background-preinit][ValidatorFactoryConfigurationHelper.java:378] - HV000234: Using org.hibernate.validator.internal.engine.DefaultClockProvider as ValidatorFactory-scoped clock provider.
2024-06-05 16:49:23,183 DEBUG [background-preinit][ValidatorFactoryConfigurationHelper.java:378] - HV000234: Using org.hibernate.validator.internal.engine.DefaultClockProvider as ValidatorFactory-scoped clock provider.
2024-06-05 16:49:23,184 DEBUG [background-preinit][ValidatorFactoryConfigurationHelper.java:379] - HV000234: Using org.hibernate.validator.internal.engine.scripting.DefaultScriptEvaluatorFactory as ValidatorFactory-scoped script evaluator factory.
2024-06-05 16:49:23,184 DEBUG [background-preinit][ValidatorFactoryConfigurationHelper.java:379] - HV000234: Using org.hibernate.validator.internal.engine.scripting.DefaultScriptEvaluatorFactory as ValidatorFactory-scoped script evaluator factory.
2024-06-05 16:49:23,333 INFO [main][SpringApplication.java:651] - No active profile set, falling back to default profiles: default
2024-06-05 16:49:23,333 INFO [main][SpringApplication.java:651] - No active profile set, falling back to default profiles: default
2024-06-05 16:49:23,509 ERROR [main][SpringApplication.java:837] - Application run failed
java.lang.IllegalStateException: Error processing condition on com.spring4all.swagger.SwaggerAutoConfiguration.swaggerProperties
	at org.springframework.boot.autoconfigure.condition.SpringBootCondition.matches(SpringBootCondition.java:60)
	at org.springframework.context.annotation.ConditionEvaluator.shouldSkip(ConditionEvaluator.java:108)
	at org.springframework.context.annotation.ConfigurationClassBeanDefinitionReader.loadBeanDefinitionsForBeanMethod(ConfigurationClassBeanDefinitionReader.java:184)
	at org.springframework.context.annotation.ConfigurationClassBeanDefinitionReader.loadBeanDefinitionsForConfigurationClass(ConfigurationClassBeanDefinitionReader.java:144)
	at org.springframework.context.annotation.ConfigurationClassBeanDefinitionReader.loadBeanDefinitions(ConfigurationClassBeanDefinitionReader.java:120)
	at org.springframework.context.annotation.ConfigurationClassPostProcessor.processConfigBeanDefinitions(ConfigurationClassPostProcessor.java:331)
	at org.springframework.context.annotation.ConfigurationClassPostProcessor.postProcessBeanDefinitionRegistry(ConfigurationClassPostProcessor.java:236)
	at org.springframework.context.support.PostProcessorRegistrationDelegate.invokeBeanDefinitionRegistryPostProcessors(PostProcessorRegistrationDelegate.java:280)
	at org.springframework.context.support.PostProcessorRegistrationDelegate.invokeBeanFactoryPostProcessors(PostProcessorRegistrationDelegate.java:96)
	at org.springframework.context.support.AbstractApplicationContext.invokeBeanFactoryPostProcessors(AbstractApplicationContext.java:707)
	at org.springframework.context.support.AbstractApplicationContext.refresh(AbstractApplicationContext.java:533)
	at org.springframework.boot.web.servlet.context.ServletWebServerApplicationContext.refresh(ServletWebServerApplicationContext.java:143)
	at org.springframework.boot.SpringApplication.refresh(SpringApplication.java:758)
	at org.springframework.boot.SpringApplication.refresh(SpringApplication.java:750)
	at org.springframework.boot.SpringApplication.refreshContext(SpringApplication.java:405)
	at org.springframework.boot.SpringApplication.run(SpringApplication.java:315)
	at org.springframework.boot.SpringApplication.run(SpringApplication.java:1237)
	at org.springframework.boot.SpringApplication.run(SpringApplication.java:1226)
	at com.lyle.lettyeducontentapi.ContentApiApplication.main(ContentApiApplication.java:12)
Caused by: java.lang.IllegalStateException: Failed to introspect Class [com.lyle.lettyeducontentservice.config.MybatisPlusConfig] from ClassLoader [jdk.internal.loader.ClassLoaders$AppClassLoader@7c53a9eb]
	at org.springframework.util.ReflectionUtils.getDeclaredMethods(ReflectionUtils.java:481)
	at org.springframework.util.ReflectionUtils.doWithMethods(ReflectionUtils.java:358)
	at org.springframework.util.ReflectionUtils.getUniqueDeclaredMethods(ReflectionUtils.java:414)
	at org.springframework.beans.factory.support.AbstractAutowireCapableBeanFactory.lambda$getTypeForFactoryMethod$2(AbstractAutowireCapableBeanFactory.java:742)
	at java.base/java.util.concurrent.ConcurrentHashMap.computeIfAbsent(ConcurrentHashMap.java:1705)
	at org.springframework.beans.factory.support.AbstractAutowireCapableBeanFactory.getTypeForFactoryMethod(AbstractAutowireCapableBeanFactory.java:741)
	at org.springframework.beans.factory.support.AbstractAutowireCapableBeanFactory.determineTargetType(AbstractAutowireCapableBeanFactory.java:680)
	at org.springframework.beans.factory.support.AbstractAutowireCapableBeanFactory.predictBeanType(AbstractAutowireCapableBeanFactory.java:648)
	at org.springframework.beans.factory.support.AbstractBeanFactory.isFactoryBean(AbstractBeanFactory.java:1614)
	at org.springframework.beans.factory.support.DefaultListableBeanFactory.doGetBeanNamesForType(DefaultListableBeanFactory.java:523)
	at org.springframework.beans.factory.support.DefaultListableBeanFactory.getBeanNamesForType(DefaultListableBeanFactory.java:495)
	at org.springframework.boot.autoconfigure.condition.OnBeanCondition.collectBeanNamesForType(OnBeanCondition.java:238)
	at org.springframework.boot.autoconfigure.condition.OnBeanCondition.getBeanNamesForType(OnBeanCondition.java:231)
	at org.springframework.boot.autoconfigure.condition.OnBeanCondition.getBeanNamesForType(OnBeanCondition.java:221)
	at org.springframework.boot.autoconfigure.condition.OnBeanCondition.getMatchingBeans(OnBeanCondition.java:169)
	at org.springframework.boot.autoconfigure.condition.OnBeanCondition.getMatchOutcome(OnBeanCondition.java:144)
	at org.springframework.boot.autoconfigure.condition.SpringBootCondition.matches(SpringBootCondition.java:47)
	... 18 more
Caused by: java.lang.NoClassDefFoundError: com/baomidou/mybatisplus/extension/plugins/MybatisPlusInterceptor
	at java.base/java.lang.Class.getDeclaredMethods0(Native Method)
	at java.base/java.lang.Class.privateGetDeclaredMethods(Class.java:3166)
	at java.base/java.lang.Class.getDeclaredMethods(Class.java:2309)
	at org.springframework.util.ReflectionUtils.getDeclaredMethods(ReflectionUtils.java:463)
	... 34 more
Caused by: java.lang.ClassNotFoundException: com.baomidou.mybatisplus.extension.plugins.MybatisPlusInterceptor
	at java.base/jdk.internal.loader.BuiltinClassLoader.loadClass(BuiltinClassLoader.java:581)
	at java.base/jdk.internal.loader.ClassLoaders$AppClassLoader.loadClass(ClassLoaders.java:178)
	at java.base/java.lang.ClassLoader.loadClass(ClassLoader.java:522)
	... 38 more
2024-06-05 16:49:23,509 ERROR [main][SpringApplication.java:837] - Application run failed
java.lang.IllegalStateException: Error processing condition on com.spring4all.swagger.SwaggerAutoConfiguration.swaggerProperties
	at org.springframework.boot.autoconfigure.condition.SpringBootCondition.matches(SpringBootCondition.java:60)
	at org.springframework.context.annotation.ConditionEvaluator.shouldSkip(ConditionEvaluator.java:108)
	at org.springframework.context.annotation.ConfigurationClassBeanDefinitionReader.loadBeanDefinitionsForBeanMethod(ConfigurationClassBeanDefinitionReader.java:184)
	at org.springframework.context.annotation.ConfigurationClassBeanDefinitionReader.loadBeanDefinitionsForConfigurationClass(ConfigurationClassBeanDefinitionReader.java:144)
	at org.springframework.context.annotation.ConfigurationClassBeanDefinitionReader.loadBeanDefinitions(ConfigurationClassBeanDefinitionReader.java:120)
	at org.springframework.context.annotation.ConfigurationClassPostProcessor.processConfigBeanDefinitions(ConfigurationClassPostProcessor.java:331)
	at org.springframework.context.annotation.ConfigurationClassPostProcessor.postProcessBeanDefinitionRegistry(ConfigurationClassPostProcessor.java:236)
	at org.springframework.context.support.PostProcessorRegistrationDelegate.invokeBeanDefinitionRegistryPostProcessors(PostProcessorRegistrationDelegate.java:280)
	at org.springframework.context.support.PostProcessorRegistrationDelegate.invokeBeanFactoryPostProcessors(PostProcessorRegistrationDelegate.java:96)
	at org.springframework.context.support.AbstractApplicationContext.invokeBeanFactoryPostProcessors(AbstractApplicationContext.java:707)
	at org.springframework.context.support.AbstractApplicationContext.refresh(AbstractApplicationContext.java:533)
	at org.springframework.boot.web.servlet.context.ServletWebServerApplicationContext.refresh(ServletWebServerApplicationContext.java:143)
	at org.springframework.boot.SpringApplication.refresh(SpringApplication.java:758)
	at org.springframework.boot.SpringApplication.refresh(SpringApplication.java:750)
	at org.springframework.boot.SpringApplication.refreshContext(SpringApplication.java:405)
	at org.springframework.boot.SpringApplication.run(SpringApplication.java:315)
	at org.springframework.boot.SpringApplication.run(SpringApplication.java:1237)
	at org.springframework.boot.SpringApplication.run(SpringApplication.java:1226)
	at com.lyle.lettyeducontentapi.ContentApiApplication.main(ContentApiApplication.java:12)
Caused by: java.lang.IllegalStateException: Failed to introspect Class [com.lyle.lettyeducontentservice.config.MybatisPlusConfig] from ClassLoader [jdk.internal.loader.ClassLoaders$AppClassLoader@7c53a9eb]
	at org.springframework.util.ReflectionUtils.getDeclaredMethods(ReflectionUtils.java:481)
	at org.springframework.util.ReflectionUtils.doWithMethods(ReflectionUtils.java:358)
	at org.springframework.util.ReflectionUtils.getUniqueDeclaredMethods(ReflectionUtils.java:414)
	at org.springframework.beans.factory.support.AbstractAutowireCapableBeanFactory.lambda$getTypeForFactoryMethod$2(AbstractAutowireCapableBeanFactory.java:742)
	at java.base/java.util.concurrent.ConcurrentHashMap.computeIfAbsent(ConcurrentHashMap.java:1705)
	at org.springframework.beans.factory.support.AbstractAutowireCapableBeanFactory.getTypeForFactoryMethod(AbstractAutowireCapableBeanFactory.java:741)
	at org.springframework.beans.factory.support.AbstractAutowireCapableBeanFactory.determineTargetType(AbstractAutowireCapableBeanFactory.java:680)
	at org.springframework.beans.factory.support.AbstractAutowireCapableBeanFactory.predictBeanType(AbstractAutowireCapableBeanFactory.java:648)
	at org.springframework.beans.factory.support.AbstractBeanFactory.isFactoryBean(AbstractBeanFactory.java:1614)
	at org.springframework.beans.factory.support.DefaultListableBeanFactory.doGetBeanNamesForType(DefaultListableBeanFactory.java:523)
	at org.springframework.beans.factory.support.DefaultListableBeanFactory.getBeanNamesForType(DefaultListableBeanFactory.java:495)
	at org.springframework.boot.autoconfigure.condition.OnBeanCondition.collectBeanNamesForType(OnBeanCondition.java:238)
	at org.springframework.boot.autoconfigure.condition.OnBeanCondition.getBeanNamesForType(OnBeanCondition.java:231)
	at org.springframework.boot.autoconfigure.condition.OnBeanCondition.getBeanNamesForType(OnBeanCondition.java:221)
	at org.springframework.boot.autoconfigure.condition.OnBeanCondition.getMatchingBeans(OnBeanCondition.java:169)
	at org.springframework.boot.autoconfigure.condition.OnBeanCondition.getMatchOutcome(OnBeanCondition.java:144)
	at org.springframework.boot.autoconfigure.condition.SpringBootCondition.matches(SpringBootCondition.java:47)
	... 18 more
Caused by: java.lang.NoClassDefFoundError: com/baomidou/mybatisplus/extension/plugins/MybatisPlusInterceptor
	at java.base/java.lang.Class.getDeclaredMethods0(Native Method)
	at java.base/java.lang.Class.privateGetDeclaredMethods(Class.java:3166)
	at java.base/java.lang.Class.getDeclaredMethods(Class.java:2309)
	at org.springframework.util.ReflectionUtils.getDeclaredMethods(ReflectionUtils.java:463)
	... 34 more
Caused by: java.lang.ClassNotFoundException: com.baomidou.mybatisplus.extension.plugins.MybatisPlusInterceptor
	at java.base/jdk.internal.loader.BuiltinClassLoader.loadClass(BuiltinClassLoader.java:581)
	at java.base/jdk.internal.loader.ClassLoaders$AppClassLoader.loadClass(ClassLoaders.java:178)
	at java.base/java.lang.ClassLoader.loadClass(ClassLoader.java:522)
	... 38 more
2024-06-05 16:49:23,515 WARN [main][SpringApplication.java:819] - Unable to close ApplicationContext
java.lang.IllegalStateException: Failed to introspect Class [com.lyle.lettyeducontentservice.config.MybatisPlusConfig] from ClassLoader [jdk.internal.loader.ClassLoaders$AppClassLoader@7c53a9eb]
	at org.springframework.util.ReflectionUtils.getDeclaredMethods(ReflectionUtils.java:481)
	at org.springframework.util.ReflectionUtils.doWithMethods(ReflectionUtils.java:358)
	at org.springframework.util.ReflectionUtils.getUniqueDeclaredMethods(ReflectionUtils.java:414)
	at org.springframework.beans.factory.support.AbstractAutowireCapableBeanFactory.lambda$getTypeForFactoryMethod$2(AbstractAutowireCapableBeanFactory.java:742)
	at java.base/java.util.concurrent.ConcurrentHashMap.computeIfAbsent(ConcurrentHashMap.java:1705)
	at org.springframework.beans.factory.support.AbstractAutowireCapableBeanFactory.getTypeForFactoryMethod(AbstractAutowireCapableBeanFactory.java:741)
	at org.springframework.beans.factory.support.AbstractAutowireCapableBeanFactory.determineTargetType(AbstractAutowireCapableBeanFactory.java:680)
	at org.springframework.beans.factory.support.AbstractAutowireCapableBeanFactory.predictBeanType(AbstractAutowireCapableBeanFactory.java:648)
	at org.springframework.beans.factory.support.AbstractBeanFactory.isFactoryBean(AbstractBeanFactory.java:1614)
	at org.springframework.beans.factory.support.DefaultListableBeanFactory.doGetBeanNamesForType(DefaultListableBeanFactory.java:523)
	at org.springframework.beans.factory.support.DefaultListableBeanFactory.getBeanNamesForType(DefaultListableBeanFactory.java:495)
	at org.springframework.beans.factory.support.DefaultListableBeanFactory.getBeansOfType(DefaultListableBeanFactory.java:620)
	at org.springframework.beans.factory.support.DefaultListableBeanFactory.getBeansOfType(DefaultListableBeanFactory.java:612)
	at org.springframework.context.support.AbstractApplicationContext.getBeansOfType(AbstractApplicationContext.java:1243)
	at org.springframework.boot.SpringApplication.getExitCodeFromMappedException(SpringApplication.java:880)
	at org.springframework.boot.SpringApplication.getExitCodeFromException(SpringApplication.java:868)
	at org.springframework.boot.SpringApplication.handleExitCode(SpringApplication.java:855)
	at org.springframework.boot.SpringApplication.handleRunFailure(SpringApplication.java:806)
	at org.springframework.boot.SpringApplication.run(SpringApplication.java:325)
	at org.springframework.boot.SpringApplication.run(SpringApplication.java:1237)
	at org.springframework.boot.SpringApplication.run(SpringApplication.java:1226)
	at com.lyle.lettyeducontentapi.ContentApiApplication.main(ContentApiApplication.java:12)
Caused by: java.lang.NoClassDefFoundError: com/baomidou/mybatisplus/extension/plugins/MybatisPlusInterceptor
	at java.base/java.lang.Class.getDeclaredMethods0(Native Method)
	at java.base/java.lang.Class.privateGetDeclaredMethods(Class.java:3166)
	at java.base/java.lang.Class.getDeclaredMethods(Class.java:2309)
	at org.springframework.util.ReflectionUtils.getDeclaredMethods(ReflectionUtils.java:463)
	... 21 more
Caused by: java.lang.ClassNotFoundException: com.baomidou.mybatisplus.extension.plugins.MybatisPlusInterceptor
	at java.base/jdk.internal.loader.BuiltinClassLoader.loadClass(BuiltinClassLoader.java:581)
	at java.base/jdk.internal.loader.ClassLoaders$AppClassLoader.loadClass(ClassLoaders.java:178)
	at java.base/java.lang.ClassLoader.loadClass(ClassLoader.java:522)
	... 25 more
2024-06-05 16:49:23,515 WARN [main][SpringApplication.java:819] - Unable to close ApplicationContext
java.lang.IllegalStateException: Failed to introspect Class [com.lyle.lettyeducontentservice.config.MybatisPlusConfig] from ClassLoader [jdk.internal.loader.ClassLoaders$AppClassLoader@7c53a9eb]
	at org.springframework.util.ReflectionUtils.getDeclaredMethods(ReflectionUtils.java:481)
	at org.springframework.util.ReflectionUtils.doWithMethods(ReflectionUtils.java:358)
	at org.springframework.util.ReflectionUtils.getUniqueDeclaredMethods(ReflectionUtils.java:414)
	at org.springframework.beans.factory.support.AbstractAutowireCapableBeanFactory.lambda$getTypeForFactoryMethod$2(AbstractAutowireCapableBeanFactory.java:742)
	at java.base/java.util.concurrent.ConcurrentHashMap.computeIfAbsent(ConcurrentHashMap.java:1705)
	at org.springframework.beans.factory.support.AbstractAutowireCapableBeanFactory.getTypeForFactoryMethod(AbstractAutowireCapableBeanFactory.java:741)
	at org.springframework.beans.factory.support.AbstractAutowireCapableBeanFactory.determineTargetType(AbstractAutowireCapableBeanFactory.java:680)
	at org.springframework.beans.factory.support.AbstractAutowireCapableBeanFactory.predictBeanType(AbstractAutowireCapableBeanFactory.java:648)
	at org.springframework.beans.factory.support.AbstractBeanFactory.isFactoryBean(AbstractBeanFactory.java:1614)
	at org.springframework.beans.factory.support.DefaultListableBeanFactory.doGetBeanNamesForType(DefaultListableBeanFactory.java:523)
	at org.springframework.beans.factory.support.DefaultListableBeanFactory.getBeanNamesForType(DefaultListableBeanFactory.java:495)
	at org.springframework.beans.factory.support.DefaultListableBeanFactory.getBeansOfType(DefaultListableBeanFactory.java:620)
	at org.springframework.beans.factory.support.DefaultListableBeanFactory.getBeansOfType(DefaultListableBeanFactory.java:612)
	at org.springframework.context.support.AbstractApplicationContext.getBeansOfType(AbstractApplicationContext.java:1243)
	at org.springframework.boot.SpringApplication.getExitCodeFromMappedException(SpringApplication.java:880)
	at org.springframework.boot.SpringApplication.getExitCodeFromException(SpringApplication.java:868)
	at org.springframework.boot.SpringApplication.handleExitCode(SpringApplication.java:855)
	at org.springframework.boot.SpringApplication.handleRunFailure(SpringApplication.java:806)
	at org.springframework.boot.SpringApplication.run(SpringApplication.java:325)
	at org.springframework.boot.SpringApplication.run(SpringApplication.java:1237)
	at org.springframework.boot.SpringApplication.run(SpringApplication.java:1226)
	at com.lyle.lettyeducontentapi.ContentApiApplication.main(ContentApiApplication.java:12)
Caused by: java.lang.NoClassDefFoundError: com/baomidou/mybatisplus/extension/plugins/MybatisPlusInterceptor
	at java.base/java.lang.Class.getDeclaredMethods0(Native Method)
	at java.base/java.lang.Class.privateGetDeclaredMethods(Class.java:3166)
	at java.base/java.lang.Class.getDeclaredMethods(Class.java:2309)
	at org.springframework.util.ReflectionUtils.getDeclaredMethods(ReflectionUtils.java:463)
	... 21 more
Caused by: java.lang.ClassNotFoundException: com.baomidou.mybatisplus.extension.plugins.MybatisPlusInterceptor
	at java.base/jdk.internal.loader.BuiltinClassLoader.loadClass(BuiltinClassLoader.java:581)
	at java.base/jdk.internal.loader.ClassLoaders$AppClassLoader.loadClass(ClassLoaders.java:178)
	at java.base/java.lang.ClassLoader.loadClass(ClassLoader.java:522)
	... 25 more
2024-06-05 16:53:08,029 DEBUG [background-preinit][LoggerProviders.java:152] - Logging Provider: org.jboss.logging.Log4j2LoggerProvider
2024-06-05 16:53:08,029 DEBUG [background-preinit][LoggerProviders.java:152] - Logging Provider: org.jboss.logging.Log4j2LoggerProvider
2024-06-05 16:53:08,033 INFO [background-preinit][Version.java:21] - HV000001: Hibernate Validator 6.1.6.Final
2024-06-05 16:53:08,033 INFO [background-preinit][Version.java:21] - HV000001: Hibernate Validator 6.1.6.Final
2024-06-05 16:53:08,036 DEBUG [background-preinit][ValidationXmlParser.java:120] - Trying to load META-INF/validation.xml for XML based Validator configuration.
2024-06-05 16:53:08,036 DEBUG [background-preinit][ValidationXmlParser.java:120] - Trying to load META-INF/validation.xml for XML based Validator configuration.
2024-06-05 16:53:08,037 DEBUG [background-preinit][ResourceLoaderHelper.java:60] - Trying to load META-INF/validation.xml via TCCL
2024-06-05 16:53:08,037 DEBUG [background-preinit][ResourceLoaderHelper.java:60] - Trying to load META-INF/validation.xml via TCCL
2024-06-05 16:53:08,037 DEBUG [background-preinit][ResourceLoaderHelper.java:66] - Trying to load META-INF/validation.xml via Hibernate Validator's class loader
2024-06-05 16:53:08,037 DEBUG [background-preinit][ResourceLoaderHelper.java:66] - Trying to load META-INF/validation.xml via Hibernate Validator's class loader
2024-06-05 16:53:08,038 DEBUG [background-preinit][ValidationXmlParser.java:127] - No META-INF/validation.xml found. Using annotation based configuration only.
2024-06-05 16:53:08,038 DEBUG [background-preinit][ValidationXmlParser.java:127] - No META-INF/validation.xml found. Using annotation based configuration only.
2024-06-05 16:53:08,040 DEBUG [background-preinit][TraversableResolvers.java:60] - Cannot find javax.persistence.Persistence on classpath. Assuming non JPA 2 environment. All properties will per default be traversable.
2024-06-05 16:53:08,040 DEBUG [background-preinit][TraversableResolvers.java:60] - Cannot find javax.persistence.Persistence on classpath. Assuming non JPA 2 environment. All properties will per default be traversable.
2024-06-05 16:53:08,051 DEBUG [background-preinit][ResourceBundleMessageInterpolator.java:172] - Loaded expression factory via original TCCL
2024-06-05 16:53:08,051 DEBUG [background-preinit][ResourceBundleMessageInterpolator.java:172] - Loaded expression factory via original TCCL
2024-06-05 16:53:08,098 DEBUG [background-preinit][ValidatorFactoryConfigurationHelper.java:300] - HV000252: Using org.hibernate.validator.internal.engine.DefaultPropertyNodeNameProvider as property node name provider.
2024-06-05 16:53:08,098 DEBUG [background-preinit][ValidatorFactoryConfigurationHelper.java:300] - HV000252: Using org.hibernate.validator.internal.engine.DefaultPropertyNodeNameProvider as property node name provider.
2024-06-05 16:53:08,101 DEBUG [background-preinit][ValidatorFactoryConfigurationHelper.java:375] - HV000234: Using org.hibernate.validator.messageinterpolation.ResourceBundleMessageInterpolator as ValidatorFactory-scoped message interpolator.
2024-06-05 16:53:08,101 DEBUG [background-preinit][ValidatorFactoryConfigurationHelper.java:375] - HV000234: Using org.hibernate.validator.messageinterpolation.ResourceBundleMessageInterpolator as ValidatorFactory-scoped message interpolator.
2024-06-05 16:53:08,101 DEBUG [background-preinit][ValidatorFactoryConfigurationHelper.java:376] - HV000234: Using org.hibernate.validator.internal.engine.resolver.TraverseAllTraversableResolver as ValidatorFactory-scoped traversable resolver.
2024-06-05 16:53:08,101 DEBUG [background-preinit][ValidatorFactoryConfigurationHelper.java:376] - HV000234: Using org.hibernate.validator.internal.engine.resolver.TraverseAllTraversableResolver as ValidatorFactory-scoped traversable resolver.
2024-06-05 16:53:08,101 DEBUG [background-preinit][ValidatorFactoryConfigurationHelper.java:377] - HV000234: Using org.hibernate.validator.internal.util.ExecutableParameterNameProvider as ValidatorFactory-scoped parameter name provider.
2024-06-05 16:53:08,101 DEBUG [background-preinit][ValidatorFactoryConfigurationHelper.java:377] - HV000234: Using org.hibernate.validator.internal.util.ExecutableParameterNameProvider as ValidatorFactory-scoped parameter name provider.
2024-06-05 16:53:08,101 DEBUG [background-preinit][ValidatorFactoryConfigurationHelper.java:378] - HV000234: Using org.hibernate.validator.internal.engine.DefaultClockProvider as ValidatorFactory-scoped clock provider.
2024-06-05 16:53:08,101 DEBUG [background-preinit][ValidatorFactoryConfigurationHelper.java:378] - HV000234: Using org.hibernate.validator.internal.engine.DefaultClockProvider as ValidatorFactory-scoped clock provider.
2024-06-05 16:53:08,102 DEBUG [background-preinit][ValidatorFactoryConfigurationHelper.java:379] - HV000234: Using org.hibernate.validator.internal.engine.scripting.DefaultScriptEvaluatorFactory as ValidatorFactory-scoped script evaluator factory.
2024-06-05 16:53:08,102 DEBUG [background-preinit][ValidatorFactoryConfigurationHelper.java:379] - HV000234: Using org.hibernate.validator.internal.engine.scripting.DefaultScriptEvaluatorFactory as ValidatorFactory-scoped script evaluator factory.
2024-06-05 16:53:08,204 INFO [main][SpringApplication.java:651] - No active profile set, falling back to default profiles: default
2024-06-05 16:53:08,204 INFO [main][SpringApplication.java:651] - No active profile set, falling back to default profiles: default
2024-06-05 16:53:08,476 DEBUG [main][LogFactory.java:105] - Logging initialized using 'class org.apache.ibatis.logging.slf4j.Slf4jImpl' adapter.
2024-06-05 16:53:08,476 DEBUG [main][LogFactory.java:105] - Logging initialized using 'class org.apache.ibatis.logging.slf4j.Slf4jImpl' adapter.
2024-06-05 16:53:08,506 INFO [main][GenericScope.java:295] - BeanFactory id=d1a7dac2-6614-365b-b193-e4ea6a0e46c2
2024-06-05 16:53:08,506 INFO [main][GenericScope.java:295] - BeanFactory id=d1a7dac2-6614-365b-b193-e4ea6a0e46c2
2024-06-05 16:53:08,624 INFO [main][TomcatWebServer.java:108] - Tomcat initialized with port(s): 63040 (http)
2024-06-05 16:53:08,624 INFO [main][TomcatWebServer.java:108] - Tomcat initialized with port(s): 63040 (http)
2024-06-05 16:53:08,627 INFO [main][DirectJDKLog.java:173] - Initializing ProtocolHandler ["http-nio-63040"]
2024-06-05 16:53:08,627 INFO [main][DirectJDKLog.java:173] - Initializing ProtocolHandler ["http-nio-63040"]
2024-06-05 16:53:08,628 INFO [main][DirectJDKLog.java:173] - Starting service [Tomcat]
2024-06-05 16:53:08,628 INFO [main][DirectJDKLog.java:173] - Starting service [Tomcat]
2024-06-05 16:53:08,628 INFO [main][DirectJDKLog.java:173] - Starting Servlet engine: [Apache Tomcat/9.0.41]
2024-06-05 16:53:08,628 INFO [main][DirectJDKLog.java:173] - Starting Servlet engine: [Apache Tomcat/9.0.41]
2024-06-05 16:53:08,665 INFO [main][DirectJDKLog.java:173] - Initializing Spring embedded WebApplicationContext
2024-06-05 16:53:08,665 INFO [main][DirectJDKLog.java:173] - Initializing Spring embedded WebApplicationContext
2024-06-05 16:53:08,665 INFO [main][ServletWebServerApplicationContext.java:285] - Root WebApplicationContext: initialization completed in 455 ms
2024-06-05 16:53:08,665 INFO [main][ServletWebServerApplicationContext.java:285] - Root WebApplicationContext: initialization completed in 455 ms
2024-06-05 16:53:08,715 DEBUG [main][HikariConfig.java:946] - Driver class com.mysql.cj.jdbc.Driver found in Thread context class loader jdk.internal.loader.ClassLoaders$AppClassLoader@7c53a9eb
2024-06-05 16:53:08,715 DEBUG [main][HikariConfig.java:946] - Driver class com.mysql.cj.jdbc.Driver found in Thread context class loader jdk.internal.loader.ClassLoaders$AppClassLoader@7c53a9eb
2024-06-05 16:53:08,740 DEBUG [main][Logger.java:49] - Registered plugin: 'com.baomidou.mybatisplus.extension.plugins.MybatisPlusInterceptor@ee96866'
2024-06-05 16:53:08,740 DEBUG [main][Logger.java:49] - Registered plugin: 'com.baomidou.mybatisplus.extension.plugins.MybatisPlusInterceptor@ee96866'
2024-06-05 16:53:08,741 DEBUG [main][Logger.java:49] - Property 'mapperLocations' was not specified.
2024-06-05 16:53:08,741 DEBUG [main][Logger.java:49] - Property 'mapperLocations' was not specified.
2024-06-05 16:53:08,775 DEBUG [main][MybatisConfiguration.java:128] - addMappedStatement: com.lyle.lettyeducontentservice.mapper.CourseBaseMapper.insert
2024-06-05 16:53:08,775 DEBUG [main][MybatisConfiguration.java:128] - addMappedStatement: com.lyle.lettyeducontentservice.mapper.CourseBaseMapper.insert
2024-06-05 16:53:08,778 DEBUG [main][MybatisConfiguration.java:128] - addMappedStatement: com.lyle.lettyeducontentservice.mapper.CourseBaseMapper.delete
2024-06-05 16:53:08,778 DEBUG [main][MybatisConfiguration.java:128] - addMappedStatement: com.lyle.lettyeducontentservice.mapper.CourseBaseMapper.delete
2024-06-05 16:53:08,780 DEBUG [main][MybatisConfiguration.java:128] - addMappedStatement: com.lyle.lettyeducontentservice.mapper.CourseBaseMapper.deleteByMap
2024-06-05 16:53:08,780 DEBUG [main][MybatisConfiguration.java:128] - addMappedStatement: com.lyle.lettyeducontentservice.mapper.CourseBaseMapper.deleteByMap
2024-06-05 16:53:08,789 DEBUG [main][MybatisConfiguration.java:128] - addMappedStatement: com.lyle.lettyeducontentservice.mapper.CourseBaseMapper.deleteById
2024-06-05 16:53:08,789 DEBUG [main][MybatisConfiguration.java:128] - addMappedStatement: com.lyle.lettyeducontentservice.mapper.CourseBaseMapper.deleteById
2024-06-05 16:53:08,790 DEBUG [main][MybatisConfiguration.java:128] - addMappedStatement: com.lyle.lettyeducontentservice.mapper.CourseBaseMapper.deleteBatchIds
2024-06-05 16:53:08,790 DEBUG [main][MybatisConfiguration.java:128] - addMappedStatement: com.lyle.lettyeducontentservice.mapper.CourseBaseMapper.deleteBatchIds
2024-06-05 16:53:08,792 DEBUG [main][MybatisConfiguration.java:128] - addMappedStatement: com.lyle.lettyeducontentservice.mapper.CourseBaseMapper.update
2024-06-05 16:53:08,792 DEBUG [main][MybatisConfiguration.java:128] - addMappedStatement: com.lyle.lettyeducontentservice.mapper.CourseBaseMapper.update
2024-06-05 16:53:08,793 DEBUG [main][MybatisConfiguration.java:128] - addMappedStatement: com.lyle.lettyeducontentservice.mapper.CourseBaseMapper.updateById
2024-06-05 16:53:08,793 DEBUG [main][MybatisConfiguration.java:128] - addMappedStatement: com.lyle.lettyeducontentservice.mapper.CourseBaseMapper.updateById
2024-06-05 16:53:08,793 DEBUG [main][MybatisConfiguration.java:128] - addMappedStatement: com.lyle.lettyeducontentservice.mapper.CourseBaseMapper.selectById
2024-06-05 16:53:08,793 DEBUG [main][MybatisConfiguration.java:128] - addMappedStatement: com.lyle.lettyeducontentservice.mapper.CourseBaseMapper.selectById
2024-06-05 16:53:08,794 DEBUG [main][MybatisConfiguration.java:128] - addMappedStatement: com.lyle.lettyeducontentservice.mapper.CourseBaseMapper.selectBatchIds
2024-06-05 16:53:08,794 DEBUG [main][MybatisConfiguration.java:128] - addMappedStatement: com.lyle.lettyeducontentservice.mapper.CourseBaseMapper.selectBatchIds
2024-06-05 16:53:08,795 DEBUG [main][MybatisConfiguration.java:128] - addMappedStatement: com.lyle.lettyeducontentservice.mapper.CourseBaseMapper.selectByMap
2024-06-05 16:53:08,795 DEBUG [main][MybatisConfiguration.java:128] - addMappedStatement: com.lyle.lettyeducontentservice.mapper.CourseBaseMapper.selectByMap
2024-06-05 16:53:08,796 DEBUG [main][MybatisConfiguration.java:128] - addMappedStatement: com.lyle.lettyeducontentservice.mapper.CourseBaseMapper.selectOne
2024-06-05 16:53:08,796 DEBUG [main][MybatisConfiguration.java:128] - addMappedStatement: com.lyle.lettyeducontentservice.mapper.CourseBaseMapper.selectOne
2024-06-05 16:53:08,797 DEBUG [main][MybatisConfiguration.java:128] - addMappedStatement: com.lyle.lettyeducontentservice.mapper.CourseBaseMapper.selectCount
2024-06-05 16:53:08,797 DEBUG [main][MybatisConfiguration.java:128] - addMappedStatement: com.lyle.lettyeducontentservice.mapper.CourseBaseMapper.selectCount
2024-06-05 16:53:08,799 DEBUG [main][MybatisConfiguration.java:128] - addMappedStatement: com.lyle.lettyeducontentservice.mapper.CourseBaseMapper.selectMaps
2024-06-05 16:53:08,799 DEBUG [main][MybatisConfiguration.java:128] - addMappedStatement: com.lyle.lettyeducontentservice.mapper.CourseBaseMapper.selectMaps
2024-06-05 16:53:08,800 DEBUG [main][MybatisConfiguration.java:128] - addMappedStatement: com.lyle.lettyeducontentservice.mapper.CourseBaseMapper.selectMapsPage
2024-06-05 16:53:08,800 DEBUG [main][MybatisConfiguration.java:128] - addMappedStatement: com.lyle.lettyeducontentservice.mapper.CourseBaseMapper.selectMapsPage
2024-06-05 16:53:08,801 DEBUG [main][MybatisConfiguration.java:128] - addMappedStatement: com.lyle.lettyeducontentservice.mapper.CourseBaseMapper.selectObjs
2024-06-05 16:53:08,801 DEBUG [main][MybatisConfiguration.java:128] - addMappedStatement: com.lyle.lettyeducontentservice.mapper.CourseBaseMapper.selectObjs
2024-06-05 16:53:08,802 DEBUG [main][MybatisConfiguration.java:128] - addMappedStatement: com.lyle.lettyeducontentservice.mapper.CourseBaseMapper.selectList
2024-06-05 16:53:08,802 DEBUG [main][MybatisConfiguration.java:128] - addMappedStatement: com.lyle.lettyeducontentservice.mapper.CourseBaseMapper.selectList
2024-06-05 16:53:08,803 DEBUG [main][MybatisConfiguration.java:128] - addMappedStatement: com.lyle.lettyeducontentservice.mapper.CourseBaseMapper.selectPage
2024-06-05 16:53:08,803 DEBUG [main][MybatisConfiguration.java:128] - addMappedStatement: com.lyle.lettyeducontentservice.mapper.CourseBaseMapper.selectPage
2024-06-05 16:53:08,944 INFO [main][PropertySourcedRequestMappingHandlerMapping.java:69] - Mapped URL path [/v2/api-docs] onto method [springfox.documentation.swagger2.web.Swagger2Controller#getDocumentation(String, HttpServletRequest)]
2024-06-05 16:53:08,944 INFO [main][PropertySourcedRequestMappingHandlerMapping.java:69] - Mapped URL path [/v2/api-docs] onto method [springfox.documentation.swagger2.web.Swagger2Controller#getDocumentation(String, HttpServletRequest)]
2024-06-05 16:53:08,959 DEBUG [main][ResourceBundleMessageInterpolator.java:172] - Loaded expression factory via original TCCL
2024-06-05 16:53:08,959 DEBUG [main][ResourceBundleMessageInterpolator.java:172] - Loaded expression factory via original TCCL
2024-06-05 16:53:08,960 DEBUG [main][AbstractConfigurationImpl.java:171] - Setting custom MessageInterpolator of type org.springframework.validation.beanvalidation.LocaleContextMessageInterpolator
2024-06-05 16:53:08,960 DEBUG [main][AbstractConfigurationImpl.java:171] - Setting custom MessageInterpolator of type org.springframework.validation.beanvalidation.LocaleContextMessageInterpolator
2024-06-05 16:53:08,961 DEBUG [main][AbstractConfigurationImpl.java:203] - Setting custom ConstraintValidatorFactory of type org.springframework.validation.beanvalidation.SpringConstraintValidatorFactory
2024-06-05 16:53:08,961 DEBUG [main][AbstractConfigurationImpl.java:203] - Setting custom ConstraintValidatorFactory of type org.springframework.validation.beanvalidation.SpringConstraintValidatorFactory
2024-06-05 16:53:08,961 DEBUG [main][AbstractConfigurationImpl.java:217] - Setting custom ParameterNameProvider of type org.springframework.validation.beanvalidation.LocalValidatorFactoryBean$1
2024-06-05 16:53:08,961 DEBUG [main][AbstractConfigurationImpl.java:217] - Setting custom ParameterNameProvider of type org.springframework.validation.beanvalidation.LocalValidatorFactoryBean$1
2024-06-05 16:53:08,961 DEBUG [main][ValidationXmlParser.java:120] - Trying to load META-INF/validation.xml for XML based Validator configuration.
2024-06-05 16:53:08,961 DEBUG [main][ValidationXmlParser.java:120] - Trying to load META-INF/validation.xml for XML based Validator configuration.
2024-06-05 16:53:08,961 DEBUG [main][ResourceLoaderHelper.java:53] - Trying to load META-INF/validation.xml via user class loader
2024-06-05 16:53:08,961 DEBUG [main][ResourceLoaderHelper.java:53] - Trying to load META-INF/validation.xml via user class loader
2024-06-05 16:53:08,962 DEBUG [main][ResourceLoaderHelper.java:60] - Trying to load META-INF/validation.xml via TCCL
2024-06-05 16:53:08,962 DEBUG [main][ResourceLoaderHelper.java:60] - Trying to load META-INF/validation.xml via TCCL
2024-06-05 16:53:08,962 DEBUG [main][ResourceLoaderHelper.java:66] - Trying to load META-INF/validation.xml via Hibernate Validator's class loader
2024-06-05 16:53:08,962 DEBUG [main][ResourceLoaderHelper.java:66] - Trying to load META-INF/validation.xml via Hibernate Validator's class loader
2024-06-05 16:53:08,962 DEBUG [main][ValidationXmlParser.java:127] - No META-INF/validation.xml found. Using annotation based configuration only.
2024-06-05 16:53:08,962 DEBUG [main][ValidationXmlParser.java:127] - No META-INF/validation.xml found. Using annotation based configuration only.
2024-06-05 16:53:08,962 DEBUG [main][TraversableResolvers.java:60] - Cannot find javax.persistence.Persistence on classpath. Assuming non JPA 2 environment. All properties will per default be traversable.
2024-06-05 16:53:08,962 DEBUG [main][TraversableResolvers.java:60] - Cannot find javax.persistence.Persistence on classpath. Assuming non JPA 2 environment. All properties will per default be traversable.
2024-06-05 16:53:08,963 DEBUG [main][ValidatorFactoryConfigurationHelper.java:300] - HV000252: Using org.hibernate.validator.internal.engine.DefaultPropertyNodeNameProvider as property node name provider.
2024-06-05 16:53:08,963 DEBUG [main][ValidatorFactoryConfigurationHelper.java:300] - HV000252: Using org.hibernate.validator.internal.engine.DefaultPropertyNodeNameProvider as property node name provider.
2024-06-05 16:53:08,964 DEBUG [main][ValidatorFactoryConfigurationHelper.java:375] - HV000234: Using org.springframework.validation.beanvalidation.LocaleContextMessageInterpolator as ValidatorFactory-scoped message interpolator.
2024-06-05 16:53:08,964 DEBUG [main][ValidatorFactoryConfigurationHelper.java:375] - HV000234: Using org.springframework.validation.beanvalidation.LocaleContextMessageInterpolator as ValidatorFactory-scoped message interpolator.
2024-06-05 16:53:08,964 DEBUG [main][ValidatorFactoryConfigurationHelper.java:376] - HV000234: Using org.hibernate.validator.internal.engine.resolver.TraverseAllTraversableResolver as ValidatorFactory-scoped traversable resolver.
2024-06-05 16:53:08,964 DEBUG [main][ValidatorFactoryConfigurationHelper.java:376] - HV000234: Using org.hibernate.validator.internal.engine.resolver.TraverseAllTraversableResolver as ValidatorFactory-scoped traversable resolver.
2024-06-05 16:53:08,964 DEBUG [main][ValidatorFactoryConfigurationHelper.java:377] - HV000234: Using org.hibernate.validator.internal.util.ExecutableParameterNameProvider as ValidatorFactory-scoped parameter name provider.
2024-06-05 16:53:08,964 DEBUG [main][ValidatorFactoryConfigurationHelper.java:377] - HV000234: Using org.hibernate.validator.internal.util.ExecutableParameterNameProvider as ValidatorFactory-scoped parameter name provider.
2024-06-05 16:53:08,964 DEBUG [main][ValidatorFactoryConfigurationHelper.java:378] - HV000234: Using org.hibernate.validator.internal.engine.DefaultClockProvider as ValidatorFactory-scoped clock provider.
2024-06-05 16:53:08,964 DEBUG [main][ValidatorFactoryConfigurationHelper.java:378] - HV000234: Using org.hibernate.validator.internal.engine.DefaultClockProvider as ValidatorFactory-scoped clock provider.
2024-06-05 16:53:08,964 DEBUG [main][ValidatorFactoryConfigurationHelper.java:379] - HV000234: Using org.hibernate.validator.internal.engine.scripting.DefaultScriptEvaluatorFactory as ValidatorFactory-scoped script evaluator factory.
2024-06-05 16:53:08,964 DEBUG [main][ValidatorFactoryConfigurationHelper.java:379] - HV000234: Using org.hibernate.validator.internal.engine.scripting.DefaultScriptEvaluatorFactory as ValidatorFactory-scoped script evaluator factory.
2024-06-05 16:53:08,982 INFO [main][ExecutorConfigurationSupport.java:181] - Initializing ExecutorService 'applicationTaskExecutor'
2024-06-05 16:53:08,982 INFO [main][ExecutorConfigurationSupport.java:181] - Initializing ExecutorService 'applicationTaskExecutor'
2024-06-05 16:53:09,044 DEBUG [main][MybatisConfiguration.java:128] - addMappedStatement: com.lyle.lettyeducontentservice.mapper.CourseCategoryMapper.insert
2024-06-05 16:53:09,044 DEBUG [main][MybatisConfiguration.java:128] - addMappedStatement: com.lyle.lettyeducontentservice.mapper.CourseCategoryMapper.insert
2024-06-05 16:53:09,045 DEBUG [main][MybatisConfiguration.java:128] - addMappedStatement: com.lyle.lettyeducontentservice.mapper.CourseCategoryMapper.delete
2024-06-05 16:53:09,045 DEBUG [main][MybatisConfiguration.java:128] - addMappedStatement: com.lyle.lettyeducontentservice.mapper.CourseCategoryMapper.delete
2024-06-05 16:53:09,046 DEBUG [main][MybatisConfiguration.java:128] - addMappedStatement: com.lyle.lettyeducontentservice.mapper.CourseCategoryMapper.deleteByMap
2024-06-05 16:53:09,046 DEBUG [main][MybatisConfiguration.java:128] - addMappedStatement: com.lyle.lettyeducontentservice.mapper.CourseCategoryMapper.deleteByMap
2024-06-05 16:53:09,046 DEBUG [main][MybatisConfiguration.java:128] - addMappedStatement: com.lyle.lettyeducontentservice.mapper.CourseCategoryMapper.deleteById
2024-06-05 16:53:09,046 DEBUG [main][MybatisConfiguration.java:128] - addMappedStatement: com.lyle.lettyeducontentservice.mapper.CourseCategoryMapper.deleteById
2024-06-05 16:53:09,047 DEBUG [main][MybatisConfiguration.java:128] - addMappedStatement: com.lyle.lettyeducontentservice.mapper.CourseCategoryMapper.deleteBatchIds
2024-06-05 16:53:09,047 DEBUG [main][MybatisConfiguration.java:128] - addMappedStatement: com.lyle.lettyeducontentservice.mapper.CourseCategoryMapper.deleteBatchIds
2024-06-05 16:53:09,048 DEBUG [main][MybatisConfiguration.java:128] - addMappedStatement: com.lyle.lettyeducontentservice.mapper.CourseCategoryMapper.update
2024-06-05 16:53:09,048 DEBUG [main][MybatisConfiguration.java:128] - addMappedStatement: com.lyle.lettyeducontentservice.mapper.CourseCategoryMapper.update
2024-06-05 16:53:09,048 DEBUG [main][MybatisConfiguration.java:128] - addMappedStatement: com.lyle.lettyeducontentservice.mapper.CourseCategoryMapper.updateById
2024-06-05 16:53:09,048 DEBUG [main][MybatisConfiguration.java:128] - addMappedStatement: com.lyle.lettyeducontentservice.mapper.CourseCategoryMapper.updateById
2024-06-05 16:53:09,049 DEBUG [main][MybatisConfiguration.java:128] - addMappedStatement: com.lyle.lettyeducontentservice.mapper.CourseCategoryMapper.selectById
2024-06-05 16:53:09,049 DEBUG [main][MybatisConfiguration.java:128] - addMappedStatement: com.lyle.lettyeducontentservice.mapper.CourseCategoryMapper.selectById
2024-06-05 16:53:09,049 DEBUG [main][MybatisConfiguration.java:128] - addMappedStatement: com.lyle.lettyeducontentservice.mapper.CourseCategoryMapper.selectBatchIds
2024-06-05 16:53:09,049 DEBUG [main][MybatisConfiguration.java:128] - addMappedStatement: com.lyle.lettyeducontentservice.mapper.CourseCategoryMapper.selectBatchIds
2024-06-05 16:53:09,050 DEBUG [main][MybatisConfiguration.java:128] - addMappedStatement: com.lyle.lettyeducontentservice.mapper.CourseCategoryMapper.selectByMap
2024-06-05 16:53:09,050 DEBUG [main][MybatisConfiguration.java:128] - addMappedStatement: com.lyle.lettyeducontentservice.mapper.CourseCategoryMapper.selectByMap
2024-06-05 16:53:09,050 DEBUG [main][MybatisConfiguration.java:128] - addMappedStatement: com.lyle.lettyeducontentservice.mapper.CourseCategoryMapper.selectOne
2024-06-05 16:53:09,050 DEBUG [main][MybatisConfiguration.java:128] - addMappedStatement: com.lyle.lettyeducontentservice.mapper.CourseCategoryMapper.selectOne
2024-06-05 16:53:09,051 DEBUG [main][MybatisConfiguration.java:128] - addMappedStatement: com.lyle.lettyeducontentservice.mapper.CourseCategoryMapper.selectCount
2024-06-05 16:53:09,051 DEBUG [main][MybatisConfiguration.java:128] - addMappedStatement: com.lyle.lettyeducontentservice.mapper.CourseCategoryMapper.selectCount
2024-06-05 16:53:09,052 DEBUG [main][MybatisConfiguration.java:128] - addMappedStatement: com.lyle.lettyeducontentservice.mapper.CourseCategoryMapper.selectMaps
2024-06-05 16:53:09,052 DEBUG [main][MybatisConfiguration.java:128] - addMappedStatement: com.lyle.lettyeducontentservice.mapper.CourseCategoryMapper.selectMaps
2024-06-05 16:53:09,052 DEBUG [main][MybatisConfiguration.java:128] - addMappedStatement: com.lyle.lettyeducontentservice.mapper.CourseCategoryMapper.selectMapsPage
2024-06-05 16:53:09,052 DEBUG [main][MybatisConfiguration.java:128] - addMappedStatement: com.lyle.lettyeducontentservice.mapper.CourseCategoryMapper.selectMapsPage
2024-06-05 16:53:09,053 DEBUG [main][MybatisConfiguration.java:128] - addMappedStatement: com.lyle.lettyeducontentservice.mapper.CourseCategoryMapper.selectObjs
2024-06-05 16:53:09,053 DEBUG [main][MybatisConfiguration.java:128] - addMappedStatement: com.lyle.lettyeducontentservice.mapper.CourseCategoryMapper.selectObjs
2024-06-05 16:53:09,054 DEBUG [main][MybatisConfiguration.java:128] - addMappedStatement: com.lyle.lettyeducontentservice.mapper.CourseCategoryMapper.selectList
2024-06-05 16:53:09,054 DEBUG [main][MybatisConfiguration.java:128] - addMappedStatement: com.lyle.lettyeducontentservice.mapper.CourseCategoryMapper.selectList
2024-06-05 16:53:09,054 DEBUG [main][MybatisConfiguration.java:128] - addMappedStatement: com.lyle.lettyeducontentservice.mapper.CourseCategoryMapper.selectPage
2024-06-05 16:53:09,054 DEBUG [main][MybatisConfiguration.java:128] - addMappedStatement: com.lyle.lettyeducontentservice.mapper.CourseCategoryMapper.selectPage
2024-06-05 16:53:09,057 DEBUG [main][MybatisConfiguration.java:128] - addMappedStatement: com.lyle.lettyeducontentservice.mapper.CourseMarketMapper.insert
2024-06-05 16:53:09,057 DEBUG [main][MybatisConfiguration.java:128] - addMappedStatement: com.lyle.lettyeducontentservice.mapper.CourseMarketMapper.insert
2024-06-05 16:53:09,057 DEBUG [main][MybatisConfiguration.java:128] - addMappedStatement: com.lyle.lettyeducontentservice.mapper.CourseMarketMapper.delete
2024-06-05 16:53:09,057 DEBUG [main][MybatisConfiguration.java:128] - addMappedStatement: com.lyle.lettyeducontentservice.mapper.CourseMarketMapper.delete
2024-06-05 16:53:09,058 DEBUG [main][MybatisConfiguration.java:128] - addMappedStatement: com.lyle.lettyeducontentservice.mapper.CourseMarketMapper.deleteByMap
2024-06-05 16:53:09,058 DEBUG [main][MybatisConfiguration.java:128] - addMappedStatement: com.lyle.lettyeducontentservice.mapper.CourseMarketMapper.deleteByMap
2024-06-05 16:53:09,058 DEBUG [main][MybatisConfiguration.java:128] - addMappedStatement: com.lyle.lettyeducontentservice.mapper.CourseMarketMapper.deleteById
2024-06-05 16:53:09,058 DEBUG [main][MybatisConfiguration.java:128] - addMappedStatement: com.lyle.lettyeducontentservice.mapper.CourseMarketMapper.deleteById
2024-06-05 16:53:09,059 DEBUG [main][MybatisConfiguration.java:128] - addMappedStatement: com.lyle.lettyeducontentservice.mapper.CourseMarketMapper.deleteBatchIds
2024-06-05 16:53:09,059 DEBUG [main][MybatisConfiguration.java:128] - addMappedStatement: com.lyle.lettyeducontentservice.mapper.CourseMarketMapper.deleteBatchIds
2024-06-05 16:53:09,059 DEBUG [main][MybatisConfiguration.java:128] - addMappedStatement: com.lyle.lettyeducontentservice.mapper.CourseMarketMapper.update
2024-06-05 16:53:09,059 DEBUG [main][MybatisConfiguration.java:128] - addMappedStatement: com.lyle.lettyeducontentservice.mapper.CourseMarketMapper.update
2024-06-05 16:53:09,060 DEBUG [main][MybatisConfiguration.java:128] - addMappedStatement: com.lyle.lettyeducontentservice.mapper.CourseMarketMapper.updateById
2024-06-05 16:53:09,060 DEBUG [main][MybatisConfiguration.java:128] - addMappedStatement: com.lyle.lettyeducontentservice.mapper.CourseMarketMapper.updateById
2024-06-05 16:53:09,060 DEBUG [main][MybatisConfiguration.java:128] - addMappedStatement: com.lyle.lettyeducontentservice.mapper.CourseMarketMapper.selectById
2024-06-05 16:53:09,060 DEBUG [main][MybatisConfiguration.java:128] - addMappedStatement: com.lyle.lettyeducontentservice.mapper.CourseMarketMapper.selectById
2024-06-05 16:53:09,061 DEBUG [main][MybatisConfiguration.java:128] - addMappedStatement: com.lyle.lettyeducontentservice.mapper.CourseMarketMapper.selectBatchIds
2024-06-05 16:53:09,061 DEBUG [main][MybatisConfiguration.java:128] - addMappedStatement: com.lyle.lettyeducontentservice.mapper.CourseMarketMapper.selectBatchIds
2024-06-05 16:53:09,061 DEBUG [main][MybatisConfiguration.java:128] - addMappedStatement: com.lyle.lettyeducontentservice.mapper.CourseMarketMapper.selectByMap
2024-06-05 16:53:09,061 DEBUG [main][MybatisConfiguration.java:128] - addMappedStatement: com.lyle.lettyeducontentservice.mapper.CourseMarketMapper.selectByMap
2024-06-05 16:53:09,062 DEBUG [main][MybatisConfiguration.java:128] - addMappedStatement: com.lyle.lettyeducontentservice.mapper.CourseMarketMapper.selectOne
2024-06-05 16:53:09,062 DEBUG [main][MybatisConfiguration.java:128] - addMappedStatement: com.lyle.lettyeducontentservice.mapper.CourseMarketMapper.selectOne
2024-06-05 16:53:09,062 DEBUG [main][MybatisConfiguration.java:128] - addMappedStatement: com.lyle.lettyeducontentservice.mapper.CourseMarketMapper.selectCount
2024-06-05 16:53:09,062 DEBUG [main][MybatisConfiguration.java:128] - addMappedStatement: com.lyle.lettyeducontentservice.mapper.CourseMarketMapper.selectCount
2024-06-05 16:53:09,063 DEBUG [main][MybatisConfiguration.java:128] - addMappedStatement: com.lyle.lettyeducontentservice.mapper.CourseMarketMapper.selectMaps
2024-06-05 16:53:09,063 DEBUG [main][MybatisConfiguration.java:128] - addMappedStatement: com.lyle.lettyeducontentservice.mapper.CourseMarketMapper.selectMaps
2024-06-05 16:53:09,064 DEBUG [main][MybatisConfiguration.java:128] - addMappedStatement: com.lyle.lettyeducontentservice.mapper.CourseMarketMapper.selectMapsPage
2024-06-05 16:53:09,064 DEBUG [main][MybatisConfiguration.java:128] - addMappedStatement: com.lyle.lettyeducontentservice.mapper.CourseMarketMapper.selectMapsPage
2024-06-05 16:53:09,064 DEBUG [main][MybatisConfiguration.java:128] - addMappedStatement: com.lyle.lettyeducontentservice.mapper.CourseMarketMapper.selectObjs
2024-06-05 16:53:09,064 DEBUG [main][MybatisConfiguration.java:128] - addMappedStatement: com.lyle.lettyeducontentservice.mapper.CourseMarketMapper.selectObjs
2024-06-05 16:53:09,065 DEBUG [main][MybatisConfiguration.java:128] - addMappedStatement: com.lyle.lettyeducontentservice.mapper.CourseMarketMapper.selectList
2024-06-05 16:53:09,065 DEBUG [main][MybatisConfiguration.java:128] - addMappedStatement: com.lyle.lettyeducontentservice.mapper.CourseMarketMapper.selectList
2024-06-05 16:53:09,066 DEBUG [main][MybatisConfiguration.java:128] - addMappedStatement: com.lyle.lettyeducontentservice.mapper.CourseMarketMapper.selectPage
2024-06-05 16:53:09,066 DEBUG [main][MybatisConfiguration.java:128] - addMappedStatement: com.lyle.lettyeducontentservice.mapper.CourseMarketMapper.selectPage
2024-06-05 16:53:09,068 DEBUG [main][MybatisConfiguration.java:128] - addMappedStatement: com.lyle.lettyeducontentservice.mapper.CoursePublishMapper.insert
2024-06-05 16:53:09,068 DEBUG [main][MybatisConfiguration.java:128] - addMappedStatement: com.lyle.lettyeducontentservice.mapper.CoursePublishMapper.insert
2024-06-05 16:53:09,069 DEBUG [main][MybatisConfiguration.java:128] - addMappedStatement: com.lyle.lettyeducontentservice.mapper.CoursePublishMapper.delete
2024-06-05 16:53:09,069 DEBUG [main][MybatisConfiguration.java:128] - addMappedStatement: com.lyle.lettyeducontentservice.mapper.CoursePublishMapper.delete
2024-06-05 16:53:09,069 DEBUG [main][MybatisConfiguration.java:128] - addMappedStatement: com.lyle.lettyeducontentservice.mapper.CoursePublishMapper.deleteByMap
2024-06-05 16:53:09,069 DEBUG [main][MybatisConfiguration.java:128] - addMappedStatement: com.lyle.lettyeducontentservice.mapper.CoursePublishMapper.deleteByMap
2024-06-05 16:53:09,070 DEBUG [main][MybatisConfiguration.java:128] - addMappedStatement: com.lyle.lettyeducontentservice.mapper.CoursePublishMapper.deleteById
2024-06-05 16:53:09,070 DEBUG [main][MybatisConfiguration.java:128] - addMappedStatement: com.lyle.lettyeducontentservice.mapper.CoursePublishMapper.deleteById
2024-06-05 16:53:09,070 DEBUG [main][MybatisConfiguration.java:128] - addMappedStatement: com.lyle.lettyeducontentservice.mapper.CoursePublishMapper.deleteBatchIds
2024-06-05 16:53:09,070 DEBUG [main][MybatisConfiguration.java:128] - addMappedStatement: com.lyle.lettyeducontentservice.mapper.CoursePublishMapper.deleteBatchIds
2024-06-05 16:53:09,071 DEBUG [main][MybatisConfiguration.java:128] - addMappedStatement: com.lyle.lettyeducontentservice.mapper.CoursePublishMapper.update
2024-06-05 16:53:09,071 DEBUG [main][MybatisConfiguration.java:128] - addMappedStatement: com.lyle.lettyeducontentservice.mapper.CoursePublishMapper.update
2024-06-05 16:53:09,072 DEBUG [main][MybatisConfiguration.java:128] - addMappedStatement: com.lyle.lettyeducontentservice.mapper.CoursePublishMapper.updateById
2024-06-05 16:53:09,072 DEBUG [main][MybatisConfiguration.java:128] - addMappedStatement: com.lyle.lettyeducontentservice.mapper.CoursePublishMapper.updateById
2024-06-05 16:53:09,072 DEBUG [main][MybatisConfiguration.java:128] - addMappedStatement: com.lyle.lettyeducontentservice.mapper.CoursePublishMapper.selectById
2024-06-05 16:53:09,072 DEBUG [main][MybatisConfiguration.java:128] - addMappedStatement: com.lyle.lettyeducontentservice.mapper.CoursePublishMapper.selectById
2024-06-05 16:53:09,072 DEBUG [main][MybatisConfiguration.java:128] - addMappedStatement: com.lyle.lettyeducontentservice.mapper.CoursePublishMapper.selectBatchIds
2024-06-05 16:53:09,072 DEBUG [main][MybatisConfiguration.java:128] - addMappedStatement: com.lyle.lettyeducontentservice.mapper.CoursePublishMapper.selectBatchIds
2024-06-05 16:53:09,073 DEBUG [main][MybatisConfiguration.java:128] - addMappedStatement: com.lyle.lettyeducontentservice.mapper.CoursePublishMapper.selectByMap
2024-06-05 16:53:09,073 DEBUG [main][MybatisConfiguration.java:128] - addMappedStatement: com.lyle.lettyeducontentservice.mapper.CoursePublishMapper.selectByMap
2024-06-05 16:53:09,074 DEBUG [main][MybatisConfiguration.java:128] - addMappedStatement: com.lyle.lettyeducontentservice.mapper.CoursePublishMapper.selectOne
2024-06-05 16:53:09,074 DEBUG [main][MybatisConfiguration.java:128] - addMappedStatement: com.lyle.lettyeducontentservice.mapper.CoursePublishMapper.selectOne
2024-06-05 16:53:09,074 DEBUG [main][MybatisConfiguration.java:128] - addMappedStatement: com.lyle.lettyeducontentservice.mapper.CoursePublishMapper.selectCount
2024-06-05 16:53:09,074 DEBUG [main][MybatisConfiguration.java:128] - addMappedStatement: com.lyle.lettyeducontentservice.mapper.CoursePublishMapper.selectCount
2024-06-05 16:53:09,075 DEBUG [main][MybatisConfiguration.java:128] - addMappedStatement: com.lyle.lettyeducontentservice.mapper.CoursePublishMapper.selectMaps
2024-06-05 16:53:09,075 DEBUG [main][MybatisConfiguration.java:128] - addMappedStatement: com.lyle.lettyeducontentservice.mapper.CoursePublishMapper.selectMaps
2024-06-05 16:53:09,075 DEBUG [main][MybatisConfiguration.java:128] - addMappedStatement: com.lyle.lettyeducontentservice.mapper.CoursePublishMapper.selectMapsPage
2024-06-05 16:53:09,075 DEBUG [main][MybatisConfiguration.java:128] - addMappedStatement: com.lyle.lettyeducontentservice.mapper.CoursePublishMapper.selectMapsPage
2024-06-05 16:53:09,076 DEBUG [main][MybatisConfiguration.java:128] - addMappedStatement: com.lyle.lettyeducontentservice.mapper.CoursePublishMapper.selectObjs
2024-06-05 16:53:09,076 DEBUG [main][MybatisConfiguration.java:128] - addMappedStatement: com.lyle.lettyeducontentservice.mapper.CoursePublishMapper.selectObjs
2024-06-05 16:53:09,077 DEBUG [main][MybatisConfiguration.java:128] - addMappedStatement: com.lyle.lettyeducontentservice.mapper.CoursePublishMapper.selectList
2024-06-05 16:53:09,077 DEBUG [main][MybatisConfiguration.java:128] - addMappedStatement: com.lyle.lettyeducontentservice.mapper.CoursePublishMapper.selectList
2024-06-05 16:53:09,077 DEBUG [main][MybatisConfiguration.java:128] - addMappedStatement: com.lyle.lettyeducontentservice.mapper.CoursePublishMapper.selectPage
2024-06-05 16:53:09,077 DEBUG [main][MybatisConfiguration.java:128] - addMappedStatement: com.lyle.lettyeducontentservice.mapper.CoursePublishMapper.selectPage
2024-06-05 16:53:09,080 DEBUG [main][MybatisConfiguration.java:128] - addMappedStatement: com.lyle.lettyeducontentservice.mapper.CoursePublishPreMapper.insert
2024-06-05 16:53:09,080 DEBUG [main][MybatisConfiguration.java:128] - addMappedStatement: com.lyle.lettyeducontentservice.mapper.CoursePublishPreMapper.insert
2024-06-05 16:53:09,080 DEBUG [main][MybatisConfiguration.java:128] - addMappedStatement: com.lyle.lettyeducontentservice.mapper.CoursePublishPreMapper.delete
2024-06-05 16:53:09,080 DEBUG [main][MybatisConfiguration.java:128] - addMappedStatement: com.lyle.lettyeducontentservice.mapper.CoursePublishPreMapper.delete
2024-06-05 16:53:09,081 DEBUG [main][MybatisConfiguration.java:128] - addMappedStatement: com.lyle.lettyeducontentservice.mapper.CoursePublishPreMapper.deleteByMap
2024-06-05 16:53:09,081 DEBUG [main][MybatisConfiguration.java:128] - addMappedStatement: com.lyle.lettyeducontentservice.mapper.CoursePublishPreMapper.deleteByMap
2024-06-05 16:53:09,081 DEBUG [main][MybatisConfiguration.java:128] - addMappedStatement: com.lyle.lettyeducontentservice.mapper.CoursePublishPreMapper.deleteById
2024-06-05 16:53:09,081 DEBUG [main][MybatisConfiguration.java:128] - addMappedStatement: com.lyle.lettyeducontentservice.mapper.CoursePublishPreMapper.deleteById
2024-06-05 16:53:09,082 DEBUG [main][MybatisConfiguration.java:128] - addMappedStatement: com.lyle.lettyeducontentservice.mapper.CoursePublishPreMapper.deleteBatchIds
2024-06-05 16:53:09,082 DEBUG [main][MybatisConfiguration.java:128] - addMappedStatement: com.lyle.lettyeducontentservice.mapper.CoursePublishPreMapper.deleteBatchIds
2024-06-05 16:53:09,082 DEBUG [main][MybatisConfiguration.java:128] - addMappedStatement: com.lyle.lettyeducontentservice.mapper.CoursePublishPreMapper.update
2024-06-05 16:53:09,082 DEBUG [main][MybatisConfiguration.java:128] - addMappedStatement: com.lyle.lettyeducontentservice.mapper.CoursePublishPreMapper.update
2024-06-05 16:53:09,083 DEBUG [main][MybatisConfiguration.java:128] - addMappedStatement: com.lyle.lettyeducontentservice.mapper.CoursePublishPreMapper.updateById
2024-06-05 16:53:09,083 DEBUG [main][MybatisConfiguration.java:128] - addMappedStatement: com.lyle.lettyeducontentservice.mapper.CoursePublishPreMapper.updateById
2024-06-05 16:53:09,083 DEBUG [main][MybatisConfiguration.java:128] - addMappedStatement: com.lyle.lettyeducontentservice.mapper.CoursePublishPreMapper.selectById
2024-06-05 16:53:09,083 DEBUG [main][MybatisConfiguration.java:128] - addMappedStatement: com.lyle.lettyeducontentservice.mapper.CoursePublishPreMapper.selectById
2024-06-05 16:53:09,083 DEBUG [main][MybatisConfiguration.java:128] - addMappedStatement: com.lyle.lettyeducontentservice.mapper.CoursePublishPreMapper.selectBatchIds
2024-06-05 16:53:09,083 DEBUG [main][MybatisConfiguration.java:128] - addMappedStatement: com.lyle.lettyeducontentservice.mapper.CoursePublishPreMapper.selectBatchIds
2024-06-05 16:53:09,084 DEBUG [main][MybatisConfiguration.java:128] - addMappedStatement: com.lyle.lettyeducontentservice.mapper.CoursePublishPreMapper.selectByMap
2024-06-05 16:53:09,084 DEBUG [main][MybatisConfiguration.java:128] - addMappedStatement: com.lyle.lettyeducontentservice.mapper.CoursePublishPreMapper.selectByMap
2024-06-05 16:53:09,085 DEBUG [main][MybatisConfiguration.java:128] - addMappedStatement: com.lyle.lettyeducontentservice.mapper.CoursePublishPreMapper.selectOne
2024-06-05 16:53:09,085 DEBUG [main][MybatisConfiguration.java:128] - addMappedStatement: com.lyle.lettyeducontentservice.mapper.CoursePublishPreMapper.selectOne
2024-06-05 16:53:09,085 DEBUG [main][MybatisConfiguration.java:128] - addMappedStatement: com.lyle.lettyeducontentservice.mapper.CoursePublishPreMapper.selectCount
2024-06-05 16:53:09,085 DEBUG [main][MybatisConfiguration.java:128] - addMappedStatement: com.lyle.lettyeducontentservice.mapper.CoursePublishPreMapper.selectCount
2024-06-05 16:53:09,086 DEBUG [main][MybatisConfiguration.java:128] - addMappedStatement: com.lyle.lettyeducontentservice.mapper.CoursePublishPreMapper.selectMaps
2024-06-05 16:53:09,086 DEBUG [main][MybatisConfiguration.java:128] - addMappedStatement: com.lyle.lettyeducontentservice.mapper.CoursePublishPreMapper.selectMaps
2024-06-05 16:53:09,087 DEBUG [main][MybatisConfiguration.java:128] - addMappedStatement: com.lyle.lettyeducontentservice.mapper.CoursePublishPreMapper.selectMapsPage
2024-06-05 16:53:09,087 DEBUG [main][MybatisConfiguration.java:128] - addMappedStatement: com.lyle.lettyeducontentservice.mapper.CoursePublishPreMapper.selectMapsPage
2024-06-05 16:53:09,087 DEBUG [main][MybatisConfiguration.java:128] - addMappedStatement: com.lyle.lettyeducontentservice.mapper.CoursePublishPreMapper.selectObjs
2024-06-05 16:53:09,087 DEBUG [main][MybatisConfiguration.java:128] - addMappedStatement: com.lyle.lettyeducontentservice.mapper.CoursePublishPreMapper.selectObjs
2024-06-05 16:53:09,088 DEBUG [main][MybatisConfiguration.java:128] - addMappedStatement: com.lyle.lettyeducontentservice.mapper.CoursePublishPreMapper.selectList
2024-06-05 16:53:09,088 DEBUG [main][MybatisConfiguration.java:128] - addMappedStatement: com.lyle.lettyeducontentservice.mapper.CoursePublishPreMapper.selectList
2024-06-05 16:53:09,088 DEBUG [main][MybatisConfiguration.java:128] - addMappedStatement: com.lyle.lettyeducontentservice.mapper.CoursePublishPreMapper.selectPage
2024-06-05 16:53:09,088 DEBUG [main][MybatisConfiguration.java:128] - addMappedStatement: com.lyle.lettyeducontentservice.mapper.CoursePublishPreMapper.selectPage
2024-06-05 16:53:09,090 DEBUG [main][MybatisConfiguration.java:128] - addMappedStatement: com.lyle.lettyeducontentservice.mapper.CourseTeacherMapper.insert
2024-06-05 16:53:09,090 DEBUG [main][MybatisConfiguration.java:128] - addMappedStatement: com.lyle.lettyeducontentservice.mapper.CourseTeacherMapper.insert
2024-06-05 16:53:09,091 DEBUG [main][MybatisConfiguration.java:128] - addMappedStatement: com.lyle.lettyeducontentservice.mapper.CourseTeacherMapper.delete
2024-06-05 16:53:09,091 DEBUG [main][MybatisConfiguration.java:128] - addMappedStatement: com.lyle.lettyeducontentservice.mapper.CourseTeacherMapper.delete
2024-06-05 16:53:09,092 DEBUG [main][MybatisConfiguration.java:128] - addMappedStatement: com.lyle.lettyeducontentservice.mapper.CourseTeacherMapper.deleteByMap
2024-06-05 16:53:09,092 DEBUG [main][MybatisConfiguration.java:128] - addMappedStatement: com.lyle.lettyeducontentservice.mapper.CourseTeacherMapper.deleteByMap
2024-06-05 16:53:09,092 DEBUG [main][MybatisConfiguration.java:128] - addMappedStatement: com.lyle.lettyeducontentservice.mapper.CourseTeacherMapper.deleteById
2024-06-05 16:53:09,092 DEBUG [main][MybatisConfiguration.java:128] - addMappedStatement: com.lyle.lettyeducontentservice.mapper.CourseTeacherMapper.deleteById
2024-06-05 16:53:09,092 DEBUG [main][MybatisConfiguration.java:128] - addMappedStatement: com.lyle.lettyeducontentservice.mapper.CourseTeacherMapper.deleteBatchIds
2024-06-05 16:53:09,092 DEBUG [main][MybatisConfiguration.java:128] - addMappedStatement: com.lyle.lettyeducontentservice.mapper.CourseTeacherMapper.deleteBatchIds
2024-06-05 16:53:09,093 DEBUG [main][MybatisConfiguration.java:128] - addMappedStatement: com.lyle.lettyeducontentservice.mapper.CourseTeacherMapper.update
2024-06-05 16:53:09,093 DEBUG [main][MybatisConfiguration.java:128] - addMappedStatement: com.lyle.lettyeducontentservice.mapper.CourseTeacherMapper.update
2024-06-05 16:53:09,093 DEBUG [main][MybatisConfiguration.java:128] - addMappedStatement: com.lyle.lettyeducontentservice.mapper.CourseTeacherMapper.updateById
2024-06-05 16:53:09,093 DEBUG [main][MybatisConfiguration.java:128] - addMappedStatement: com.lyle.lettyeducontentservice.mapper.CourseTeacherMapper.updateById
2024-06-05 16:53:09,094 DEBUG [main][MybatisConfiguration.java:128] - addMappedStatement: com.lyle.lettyeducontentservice.mapper.CourseTeacherMapper.selectById
2024-06-05 16:53:09,094 DEBUG [main][MybatisConfiguration.java:128] - addMappedStatement: com.lyle.lettyeducontentservice.mapper.CourseTeacherMapper.selectById
2024-06-05 16:53:09,094 DEBUG [main][MybatisConfiguration.java:128] - addMappedStatement: com.lyle.lettyeducontentservice.mapper.CourseTeacherMapper.selectBatchIds
2024-06-05 16:53:09,094 DEBUG [main][MybatisConfiguration.java:128] - addMappedStatement: com.lyle.lettyeducontentservice.mapper.CourseTeacherMapper.selectBatchIds
2024-06-05 16:53:09,094 DEBUG [main][MybatisConfiguration.java:128] - addMappedStatement: com.lyle.lettyeducontentservice.mapper.CourseTeacherMapper.selectByMap
2024-06-05 16:53:09,094 DEBUG [main][MybatisConfiguration.java:128] - addMappedStatement: com.lyle.lettyeducontentservice.mapper.CourseTeacherMapper.selectByMap
2024-06-05 16:53:09,095 DEBUG [main][MybatisConfiguration.java:128] - addMappedStatement: com.lyle.lettyeducontentservice.mapper.CourseTeacherMapper.selectOne
2024-06-05 16:53:09,095 DEBUG [main][MybatisConfiguration.java:128] - addMappedStatement: com.lyle.lettyeducontentservice.mapper.CourseTeacherMapper.selectOne
2024-06-05 16:53:09,096 DEBUG [main][MybatisConfiguration.java:128] - addMappedStatement: com.lyle.lettyeducontentservice.mapper.CourseTeacherMapper.selectCount
2024-06-05 16:53:09,096 DEBUG [main][MybatisConfiguration.java:128] - addMappedStatement: com.lyle.lettyeducontentservice.mapper.CourseTeacherMapper.selectCount
2024-06-05 16:53:09,096 DEBUG [main][MybatisConfiguration.java:128] - addMappedStatement: com.lyle.lettyeducontentservice.mapper.CourseTeacherMapper.selectMaps
2024-06-05 16:53:09,096 DEBUG [main][MybatisConfiguration.java:128] - addMappedStatement: com.lyle.lettyeducontentservice.mapper.CourseTeacherMapper.selectMaps
2024-06-05 16:53:09,097 DEBUG [main][MybatisConfiguration.java:128] - addMappedStatement: com.lyle.lettyeducontentservice.mapper.CourseTeacherMapper.selectMapsPage
2024-06-05 16:53:09,097 DEBUG [main][MybatisConfiguration.java:128] - addMappedStatement: com.lyle.lettyeducontentservice.mapper.CourseTeacherMapper.selectMapsPage
2024-06-05 16:53:09,097 DEBUG [main][MybatisConfiguration.java:128] - addMappedStatement: com.lyle.lettyeducontentservice.mapper.CourseTeacherMapper.selectObjs
2024-06-05 16:53:09,097 DEBUG [main][MybatisConfiguration.java:128] - addMappedStatement: com.lyle.lettyeducontentservice.mapper.CourseTeacherMapper.selectObjs
2024-06-05 16:53:09,098 DEBUG [main][MybatisConfiguration.java:128] - addMappedStatement: com.lyle.lettyeducontentservice.mapper.CourseTeacherMapper.selectList
2024-06-05 16:53:09,098 DEBUG [main][MybatisConfiguration.java:128] - addMappedStatement: com.lyle.lettyeducontentservice.mapper.CourseTeacherMapper.selectList
2024-06-05 16:53:09,098 DEBUG [main][MybatisConfiguration.java:128] - addMappedStatement: com.lyle.lettyeducontentservice.mapper.CourseTeacherMapper.selectPage
2024-06-05 16:53:09,098 DEBUG [main][MybatisConfiguration.java:128] - addMappedStatement: com.lyle.lettyeducontentservice.mapper.CourseTeacherMapper.selectPage
2024-06-05 16:53:09,100 DEBUG [main][MybatisConfiguration.java:128] - addMappedStatement: com.lyle.lettyeducontentservice.mapper.TeachplanMapper.insert
2024-06-05 16:53:09,100 DEBUG [main][MybatisConfiguration.java:128] - addMappedStatement: com.lyle.lettyeducontentservice.mapper.TeachplanMapper.insert
2024-06-05 16:53:09,101 DEBUG [main][MybatisConfiguration.java:128] - addMappedStatement: com.lyle.lettyeducontentservice.mapper.TeachplanMapper.delete
2024-06-05 16:53:09,101 DEBUG [main][MybatisConfiguration.java:128] - addMappedStatement: com.lyle.lettyeducontentservice.mapper.TeachplanMapper.delete
2024-06-05 16:53:09,101 DEBUG [main][MybatisConfiguration.java:128] - addMappedStatement: com.lyle.lettyeducontentservice.mapper.TeachplanMapper.deleteByMap
2024-06-05 16:53:09,101 DEBUG [main][MybatisConfiguration.java:128] - addMappedStatement: com.lyle.lettyeducontentservice.mapper.TeachplanMapper.deleteByMap
2024-06-05 16:53:09,102 DEBUG [main][MybatisConfiguration.java:128] - addMappedStatement: com.lyle.lettyeducontentservice.mapper.TeachplanMapper.deleteById
2024-06-05 16:53:09,102 DEBUG [main][MybatisConfiguration.java:128] - addMappedStatement: com.lyle.lettyeducontentservice.mapper.TeachplanMapper.deleteById
2024-06-05 16:53:09,102 DEBUG [main][MybatisConfiguration.java:128] - addMappedStatement: com.lyle.lettyeducontentservice.mapper.TeachplanMapper.deleteBatchIds
2024-06-05 16:53:09,102 DEBUG [main][MybatisConfiguration.java:128] - addMappedStatement: com.lyle.lettyeducontentservice.mapper.TeachplanMapper.deleteBatchIds
2024-06-05 16:53:09,103 DEBUG [main][MybatisConfiguration.java:128] - addMappedStatement: com.lyle.lettyeducontentservice.mapper.TeachplanMapper.update
2024-06-05 16:53:09,103 DEBUG [main][MybatisConfiguration.java:128] - addMappedStatement: com.lyle.lettyeducontentservice.mapper.TeachplanMapper.update
2024-06-05 16:53:09,103 DEBUG [main][MybatisConfiguration.java:128] - addMappedStatement: com.lyle.lettyeducontentservice.mapper.TeachplanMapper.updateById
2024-06-05 16:53:09,103 DEBUG [main][MybatisConfiguration.java:128] - addMappedStatement: com.lyle.lettyeducontentservice.mapper.TeachplanMapper.updateById
2024-06-05 16:53:09,104 DEBUG [main][MybatisConfiguration.java:128] - addMappedStatement: com.lyle.lettyeducontentservice.mapper.TeachplanMapper.selectById
2024-06-05 16:53:09,104 DEBUG [main][MybatisConfiguration.java:128] - addMappedStatement: com.lyle.lettyeducontentservice.mapper.TeachplanMapper.selectById
2024-06-05 16:53:09,104 DEBUG [main][MybatisConfiguration.java:128] - addMappedStatement: com.lyle.lettyeducontentservice.mapper.TeachplanMapper.selectBatchIds
2024-06-05 16:53:09,104 DEBUG [main][MybatisConfiguration.java:128] - addMappedStatement: com.lyle.lettyeducontentservice.mapper.TeachplanMapper.selectBatchIds
2024-06-05 16:53:09,104 DEBUG [main][MybatisConfiguration.java:128] - addMappedStatement: com.lyle.lettyeducontentservice.mapper.TeachplanMapper.selectByMap
2024-06-05 16:53:09,104 DEBUG [main][MybatisConfiguration.java:128] - addMappedStatement: com.lyle.lettyeducontentservice.mapper.TeachplanMapper.selectByMap
2024-06-05 16:53:09,105 DEBUG [main][MybatisConfiguration.java:128] - addMappedStatement: com.lyle.lettyeducontentservice.mapper.TeachplanMapper.selectOne
2024-06-05 16:53:09,105 DEBUG [main][MybatisConfiguration.java:128] - addMappedStatement: com.lyle.lettyeducontentservice.mapper.TeachplanMapper.selectOne
2024-06-05 16:53:09,106 DEBUG [main][MybatisConfiguration.java:128] - addMappedStatement: com.lyle.lettyeducontentservice.mapper.TeachplanMapper.selectCount
2024-06-05 16:53:09,106 DEBUG [main][MybatisConfiguration.java:128] - addMappedStatement: com.lyle.lettyeducontentservice.mapper.TeachplanMapper.selectCount
2024-06-05 16:53:09,106 DEBUG [main][MybatisConfiguration.java:128] - addMappedStatement: com.lyle.lettyeducontentservice.mapper.TeachplanMapper.selectMaps
2024-06-05 16:53:09,106 DEBUG [main][MybatisConfiguration.java:128] - addMappedStatement: com.lyle.lettyeducontentservice.mapper.TeachplanMapper.selectMaps
2024-06-05 16:53:09,107 DEBUG [main][MybatisConfiguration.java:128] - addMappedStatement: com.lyle.lettyeducontentservice.mapper.TeachplanMapper.selectMapsPage
2024-06-05 16:53:09,107 DEBUG [main][MybatisConfiguration.java:128] - addMappedStatement: com.lyle.lettyeducontentservice.mapper.TeachplanMapper.selectMapsPage
2024-06-05 16:53:09,107 DEBUG [main][MybatisConfiguration.java:128] - addMappedStatement: com.lyle.lettyeducontentservice.mapper.TeachplanMapper.selectObjs
2024-06-05 16:53:09,107 DEBUG [main][MybatisConfiguration.java:128] - addMappedStatement: com.lyle.lettyeducontentservice.mapper.TeachplanMapper.selectObjs
2024-06-05 16:53:09,108 DEBUG [main][MybatisConfiguration.java:128] - addMappedStatement: com.lyle.lettyeducontentservice.mapper.TeachplanMapper.selectList
2024-06-05 16:53:09,108 DEBUG [main][MybatisConfiguration.java:128] - addMappedStatement: com.lyle.lettyeducontentservice.mapper.TeachplanMapper.selectList
2024-06-05 16:53:09,109 DEBUG [main][MybatisConfiguration.java:128] - addMappedStatement: com.lyle.lettyeducontentservice.mapper.TeachplanMapper.selectPage
2024-06-05 16:53:09,109 DEBUG [main][MybatisConfiguration.java:128] - addMappedStatement: com.lyle.lettyeducontentservice.mapper.TeachplanMapper.selectPage
2024-06-05 16:53:09,110 DEBUG [main][MybatisConfiguration.java:128] - addMappedStatement: com.lyle.lettyeducontentservice.mapper.TeachplanMediaMapper.insert
2024-06-05 16:53:09,110 DEBUG [main][MybatisConfiguration.java:128] - addMappedStatement: com.lyle.lettyeducontentservice.mapper.TeachplanMediaMapper.insert
2024-06-05 16:53:09,111 DEBUG [main][MybatisConfiguration.java:128] - addMappedStatement: com.lyle.lettyeducontentservice.mapper.TeachplanMediaMapper.delete
2024-06-05 16:53:09,111 DEBUG [main][MybatisConfiguration.java:128] - addMappedStatement: com.lyle.lettyeducontentservice.mapper.TeachplanMediaMapper.delete
2024-06-05 16:53:09,112 DEBUG [main][MybatisConfiguration.java:128] - addMappedStatement: com.lyle.lettyeducontentservice.mapper.TeachplanMediaMapper.deleteByMap
2024-06-05 16:53:09,112 DEBUG [main][MybatisConfiguration.java:128] - addMappedStatement: com.lyle.lettyeducontentservice.mapper.TeachplanMediaMapper.deleteByMap
2024-06-05 16:53:09,112 DEBUG [main][MybatisConfiguration.java:128] - addMappedStatement: com.lyle.lettyeducontentservice.mapper.TeachplanMediaMapper.deleteById
2024-06-05 16:53:09,112 DEBUG [main][MybatisConfiguration.java:128] - addMappedStatement: com.lyle.lettyeducontentservice.mapper.TeachplanMediaMapper.deleteById
2024-06-05 16:53:09,112 DEBUG [main][MybatisConfiguration.java:128] - addMappedStatement: com.lyle.lettyeducontentservice.mapper.TeachplanMediaMapper.deleteBatchIds
2024-06-05 16:53:09,112 DEBUG [main][MybatisConfiguration.java:128] - addMappedStatement: com.lyle.lettyeducontentservice.mapper.TeachplanMediaMapper.deleteBatchIds
2024-06-05 16:53:09,113 DEBUG [main][MybatisConfiguration.java:128] - addMappedStatement: com.lyle.lettyeducontentservice.mapper.TeachplanMediaMapper.update
2024-06-05 16:53:09,113 DEBUG [main][MybatisConfiguration.java:128] - addMappedStatement: com.lyle.lettyeducontentservice.mapper.TeachplanMediaMapper.update
2024-06-05 16:53:09,113 DEBUG [main][MybatisConfiguration.java:128] - addMappedStatement: com.lyle.lettyeducontentservice.mapper.TeachplanMediaMapper.updateById
2024-06-05 16:53:09,113 DEBUG [main][MybatisConfiguration.java:128] - addMappedStatement: com.lyle.lettyeducontentservice.mapper.TeachplanMediaMapper.updateById
2024-06-05 16:53:09,113 DEBUG [main][MybatisConfiguration.java:128] - addMappedStatement: com.lyle.lettyeducontentservice.mapper.TeachplanMediaMapper.selectById
2024-06-05 16:53:09,113 DEBUG [main][MybatisConfiguration.java:128] - addMappedStatement: com.lyle.lettyeducontentservice.mapper.TeachplanMediaMapper.selectById
2024-06-05 16:53:09,114 DEBUG [main][MybatisConfiguration.java:128] - addMappedStatement: com.lyle.lettyeducontentservice.mapper.TeachplanMediaMapper.selectBatchIds
2024-06-05 16:53:09,114 DEBUG [main][MybatisConfiguration.java:128] - addMappedStatement: com.lyle.lettyeducontentservice.mapper.TeachplanMediaMapper.selectBatchIds
2024-06-05 16:53:09,114 DEBUG [main][MybatisConfiguration.java:128] - addMappedStatement: com.lyle.lettyeducontentservice.mapper.TeachplanMediaMapper.selectByMap
2024-06-05 16:53:09,114 DEBUG [main][MybatisConfiguration.java:128] - addMappedStatement: com.lyle.lettyeducontentservice.mapper.TeachplanMediaMapper.selectByMap
2024-06-05 16:53:09,115 DEBUG [main][MybatisConfiguration.java:128] - addMappedStatement: com.lyle.lettyeducontentservice.mapper.TeachplanMediaMapper.selectOne
2024-06-05 16:53:09,115 DEBUG [main][MybatisConfiguration.java:128] - addMappedStatement: com.lyle.lettyeducontentservice.mapper.TeachplanMediaMapper.selectOne
2024-06-05 16:53:09,115 DEBUG [main][MybatisConfiguration.java:128] - addMappedStatement: com.lyle.lettyeducontentservice.mapper.TeachplanMediaMapper.selectCount
2024-06-05 16:53:09,115 DEBUG [main][MybatisConfiguration.java:128] - addMappedStatement: com.lyle.lettyeducontentservice.mapper.TeachplanMediaMapper.selectCount
2024-06-05 16:53:09,116 DEBUG [main][MybatisConfiguration.java:128] - addMappedStatement: com.lyle.lettyeducontentservice.mapper.TeachplanMediaMapper.selectMaps
2024-06-05 16:53:09,116 DEBUG [main][MybatisConfiguration.java:128] - addMappedStatement: com.lyle.lettyeducontentservice.mapper.TeachplanMediaMapper.selectMaps
2024-06-05 16:53:09,116 DEBUG [main][MybatisConfiguration.java:128] - addMappedStatement: com.lyle.lettyeducontentservice.mapper.TeachplanMediaMapper.selectMapsPage
2024-06-05 16:53:09,116 DEBUG [main][MybatisConfiguration.java:128] - addMappedStatement: com.lyle.lettyeducontentservice.mapper.TeachplanMediaMapper.selectMapsPage
2024-06-05 16:53:09,117 DEBUG [main][MybatisConfiguration.java:128] - addMappedStatement: com.lyle.lettyeducontentservice.mapper.TeachplanMediaMapper.selectObjs
2024-06-05 16:53:09,117 DEBUG [main][MybatisConfiguration.java:128] - addMappedStatement: com.lyle.lettyeducontentservice.mapper.TeachplanMediaMapper.selectObjs
2024-06-05 16:53:09,117 DEBUG [main][MybatisConfiguration.java:128] - addMappedStatement: com.lyle.lettyeducontentservice.mapper.TeachplanMediaMapper.selectList
2024-06-05 16:53:09,117 DEBUG [main][MybatisConfiguration.java:128] - addMappedStatement: com.lyle.lettyeducontentservice.mapper.TeachplanMediaMapper.selectList
2024-06-05 16:53:09,118 DEBUG [main][MybatisConfiguration.java:128] - addMappedStatement: com.lyle.lettyeducontentservice.mapper.TeachplanMediaMapper.selectPage
2024-06-05 16:53:09,118 DEBUG [main][MybatisConfiguration.java:128] - addMappedStatement: com.lyle.lettyeducontentservice.mapper.TeachplanMediaMapper.selectPage
2024-06-05 16:53:09,153 INFO [main][DirectJDKLog.java:173] - Starting ProtocolHandler ["http-nio-63040"]
2024-06-05 16:53:09,153 INFO [main][DirectJDKLog.java:173] - Starting ProtocolHandler ["http-nio-63040"]
2024-06-05 16:53:09,170 INFO [main][TomcatWebServer.java:220] - Tomcat started on port(s): 63040 (http) with context path '/content'
2024-06-05 16:53:09,170 INFO [main][TomcatWebServer.java:220] - Tomcat started on port(s): 63040 (http) with context path '/content'
2024-06-05 16:53:09,171 INFO [main][DocumentationPluginsBootstrapper.java:160] - Context refreshed
2024-06-05 16:53:09,171 INFO [main][DocumentationPluginsBootstrapper.java:160] - Context refreshed
2024-06-05 16:53:09,177 INFO [main][DocumentationPluginsBootstrapper.java:163] - Found 1 custom documentation plugin(s)
2024-06-05 16:53:09,177 INFO [main][DocumentationPluginsBootstrapper.java:163] - Found 1 custom documentation plugin(s)
2024-06-05 16:53:09,191 INFO [main][ApiListingReferenceScanner.java:41] - Scanning for api listing references
2024-06-05 16:53:09,191 INFO [main][ApiListingReferenceScanner.java:41] - Scanning for api listing references
2024-06-05 16:53:09,255 INFO [main][StartupInfoLogger.java:61] - Started ContentApiApplication in 1.406 seconds (JVM running for 1.766)
2024-06-05 16:53:09,255 INFO [main][StartupInfoLogger.java:61] - Started ContentApiApplication in 1.406 seconds (JVM running for 1.766)
2024-06-05 16:53:18,484 INFO [SpringContextShutdownHook][ExecutorConfigurationSupport.java:218] - Shutting down ExecutorService 'applicationTaskExecutor'
2024-06-05 16:53:18,484 INFO [SpringContextShutdownHook][ExecutorConfigurationSupport.java:218] - Shutting down ExecutorService 'applicationTaskExecutor'
