2024-06-05 17:33:01,139 DEBUG [background-preinit][LoggerProviders.java:152] - Logging Provider: org.jboss.logging.Log4j2LoggerProvider
2024-06-05 17:33:01,139 DEBUG [background-preinit][LoggerProviders.java:152] - Logging Provider: org.jboss.logging.Log4j2LoggerProvider
2024-06-05 17:33:01,147 INFO [background-preinit][Version.java:21] - HV000001: Hibernate Validator 6.1.6.Final
2024-06-05 17:33:01,147 INFO [background-preinit][Version.java:21] - HV000001: Hibernate Validator 6.1.6.Final
2024-06-05 17:33:01,150 DEBUG [background-preinit][ValidationXmlParser.java:120] - Trying to load META-INF/validation.xml for XML based Validator configuration.
2024-06-05 17:33:01,150 DEBUG [background-preinit][ValidationXmlParser.java:120] - Trying to load META-INF/validation.xml for XML based Validator configuration.
2024-06-05 17:33:01,151 DEBUG [background-preinit][ResourceLoaderHelper.java:60] - Trying to load META-INF/validation.xml via TCCL
2024-06-05 17:33:01,151 DEBUG [background-preinit][ResourceLoaderHelper.java:60] - Trying to load META-INF/validation.xml via TCCL
2024-06-05 17:33:01,152 DEBUG [background-preinit][ResourceLoaderHelper.java:66] - Trying to load META-INF/validation.xml via Hibernate Validator's class loader
2024-06-05 17:33:01,152 DEBUG [background-preinit][ResourceLoaderHelper.java:66] - Trying to load META-INF/validation.xml via Hibernate Validator's class loader
2024-06-05 17:33:01,152 DEBUG [background-preinit][ValidationXmlParser.java:127] - No META-INF/validation.xml found. Using annotation based configuration only.
2024-06-05 17:33:01,152 DEBUG [background-preinit][ValidationXmlParser.java:127] - No META-INF/validation.xml found. Using annotation based configuration only.
2024-06-05 17:33:01,155 DEBUG [background-preinit][TraversableResolvers.java:60] - Cannot find javax.persistence.Persistence on classpath. Assuming non JPA 2 environment. All properties will per default be traversable.
2024-06-05 17:33:01,155 DEBUG [background-preinit][TraversableResolvers.java:60] - Cannot find javax.persistence.Persistence on classpath. Assuming non JPA 2 environment. All properties will per default be traversable.
2024-06-05 17:33:01,165 DEBUG [background-preinit][ResourceBundleMessageInterpolator.java:172] - Loaded expression factory via original TCCL
2024-06-05 17:33:01,165 DEBUG [background-preinit][ResourceBundleMessageInterpolator.java:172] - Loaded expression factory via original TCCL
2024-06-05 17:33:01,216 DEBUG [background-preinit][ValidatorFactoryConfigurationHelper.java:300] - HV000252: Using org.hibernate.validator.internal.engine.DefaultPropertyNodeNameProvider as property node name provider.
2024-06-05 17:33:01,216 DEBUG [background-preinit][ValidatorFactoryConfigurationHelper.java:300] - HV000252: Using org.hibernate.validator.internal.engine.DefaultPropertyNodeNameProvider as property node name provider.
2024-06-05 17:33:01,218 DEBUG [background-preinit][ValidatorFactoryConfigurationHelper.java:375] - HV000234: Using org.hibernate.validator.messageinterpolation.ResourceBundleMessageInterpolator as ValidatorFactory-scoped message interpolator.
2024-06-05 17:33:01,218 DEBUG [background-preinit][ValidatorFactoryConfigurationHelper.java:375] - HV000234: Using org.hibernate.validator.messageinterpolation.ResourceBundleMessageInterpolator as ValidatorFactory-scoped message interpolator.
2024-06-05 17:33:01,219 DEBUG [background-preinit][ValidatorFactoryConfigurationHelper.java:376] - HV000234: Using org.hibernate.validator.internal.engine.resolver.TraverseAllTraversableResolver as ValidatorFactory-scoped traversable resolver.
2024-06-05 17:33:01,219 DEBUG [background-preinit][ValidatorFactoryConfigurationHelper.java:376] - HV000234: Using org.hibernate.validator.internal.engine.resolver.TraverseAllTraversableResolver as ValidatorFactory-scoped traversable resolver.
2024-06-05 17:33:01,219 DEBUG [background-preinit][ValidatorFactoryConfigurationHelper.java:377] - HV000234: Using org.hibernate.validator.internal.util.ExecutableParameterNameProvider as ValidatorFactory-scoped parameter name provider.
2024-06-05 17:33:01,219 DEBUG [background-preinit][ValidatorFactoryConfigurationHelper.java:377] - HV000234: Using org.hibernate.validator.internal.util.ExecutableParameterNameProvider as ValidatorFactory-scoped parameter name provider.
2024-06-05 17:33:01,219 DEBUG [background-preinit][ValidatorFactoryConfigurationHelper.java:378] - HV000234: Using org.hibernate.validator.internal.engine.DefaultClockProvider as ValidatorFactory-scoped clock provider.
2024-06-05 17:33:01,219 DEBUG [background-preinit][ValidatorFactoryConfigurationHelper.java:378] - HV000234: Using org.hibernate.validator.internal.engine.DefaultClockProvider as ValidatorFactory-scoped clock provider.
2024-06-05 17:33:01,219 DEBUG [background-preinit][ValidatorFactoryConfigurationHelper.java:379] - HV000234: Using org.hibernate.validator.internal.engine.scripting.DefaultScriptEvaluatorFactory as ValidatorFactory-scoped script evaluator factory.
2024-06-05 17:33:01,219 DEBUG [background-preinit][ValidatorFactoryConfigurationHelper.java:379] - HV000234: Using org.hibernate.validator.internal.engine.scripting.DefaultScriptEvaluatorFactory as ValidatorFactory-scoped script evaluator factory.
2024-06-05 17:33:01,315 INFO [main][SpringApplication.java:651] - No active profile set, falling back to default profiles: default
2024-06-05 17:33:01,315 INFO [main][SpringApplication.java:651] - No active profile set, falling back to default profiles: default
2024-06-05 17:33:01,613 DEBUG [main][LogFactory.java:105] - Logging initialized using 'class org.apache.ibatis.logging.slf4j.Slf4jImpl' adapter.
2024-06-05 17:33:01,613 DEBUG [main][LogFactory.java:105] - Logging initialized using 'class org.apache.ibatis.logging.slf4j.Slf4jImpl' adapter.
2024-06-05 17:33:01,643 INFO [main][GenericScope.java:295] - BeanFactory id=d1a7dac2-6614-365b-b193-e4ea6a0e46c2
2024-06-05 17:33:01,643 INFO [main][GenericScope.java:295] - BeanFactory id=d1a7dac2-6614-365b-b193-e4ea6a0e46c2
2024-06-05 17:33:01,748 INFO [main][TomcatWebServer.java:108] - Tomcat initialized with port(s): 63040 (http)
2024-06-05 17:33:01,748 INFO [main][TomcatWebServer.java:108] - Tomcat initialized with port(s): 63040 (http)
2024-06-05 17:33:01,751 INFO [main][DirectJDKLog.java:173] - Initializing ProtocolHandler ["http-nio-63040"]
2024-06-05 17:33:01,751 INFO [main][DirectJDKLog.java:173] - Initializing ProtocolHandler ["http-nio-63040"]
2024-06-05 17:33:01,751 INFO [main][DirectJDKLog.java:173] - Starting service [Tomcat]
2024-06-05 17:33:01,751 INFO [main][DirectJDKLog.java:173] - Starting service [Tomcat]
2024-06-05 17:33:01,751 INFO [main][DirectJDKLog.java:173] - Starting Servlet engine: [Apache Tomcat/9.0.41]
2024-06-05 17:33:01,751 INFO [main][DirectJDKLog.java:173] - Starting Servlet engine: [Apache Tomcat/9.0.41]
2024-06-05 17:33:01,779 INFO [main][DirectJDKLog.java:173] - Initializing Spring embedded WebApplicationContext
2024-06-05 17:33:01,779 INFO [main][DirectJDKLog.java:173] - Initializing Spring embedded WebApplicationContext
2024-06-05 17:33:01,779 INFO [main][ServletWebServerApplicationContext.java:285] - Root WebApplicationContext: initialization completed in 458 ms
2024-06-05 17:33:01,779 INFO [main][ServletWebServerApplicationContext.java:285] - Root WebApplicationContext: initialization completed in 458 ms
2024-06-05 17:33:01,823 DEBUG [main][HikariConfig.java:946] - Driver class com.mysql.cj.jdbc.Driver found in Thread context class loader jdk.internal.loader.ClassLoaders$AppClassLoader@7c53a9eb
2024-06-05 17:33:01,823 DEBUG [main][HikariConfig.java:946] - Driver class com.mysql.cj.jdbc.Driver found in Thread context class loader jdk.internal.loader.ClassLoaders$AppClassLoader@7c53a9eb
2024-06-05 17:33:01,850 DEBUG [main][Logger.java:49] - Registered plugin: 'com.baomidou.mybatisplus.extension.plugins.MybatisPlusInterceptor@439f2d87'
2024-06-05 17:33:01,850 DEBUG [main][Logger.java:49] - Registered plugin: 'com.baomidou.mybatisplus.extension.plugins.MybatisPlusInterceptor@439f2d87'
2024-06-05 17:33:01,850 DEBUG [main][Logger.java:49] - Property 'mapperLocations' was not specified.
2024-06-05 17:33:01,850 DEBUG [main][Logger.java:49] - Property 'mapperLocations' was not specified.
2024-06-05 17:33:01,889 DEBUG [main][MybatisConfiguration.java:128] - addMappedStatement: com.lyle.lettyeducontentservice.mapper.CourseBaseMapper.insert
2024-06-05 17:33:01,889 DEBUG [main][MybatisConfiguration.java:128] - addMappedStatement: com.lyle.lettyeducontentservice.mapper.CourseBaseMapper.insert
2024-06-05 17:33:01,892 DEBUG [main][MybatisConfiguration.java:128] - addMappedStatement: com.lyle.lettyeducontentservice.mapper.CourseBaseMapper.delete
2024-06-05 17:33:01,892 DEBUG [main][MybatisConfiguration.java:128] - addMappedStatement: com.lyle.lettyeducontentservice.mapper.CourseBaseMapper.delete
2024-06-05 17:33:01,893 DEBUG [main][MybatisConfiguration.java:128] - addMappedStatement: com.lyle.lettyeducontentservice.mapper.CourseBaseMapper.deleteByMap
2024-06-05 17:33:01,893 DEBUG [main][MybatisConfiguration.java:128] - addMappedStatement: com.lyle.lettyeducontentservice.mapper.CourseBaseMapper.deleteByMap
2024-06-05 17:33:01,900 DEBUG [main][MybatisConfiguration.java:128] - addMappedStatement: com.lyle.lettyeducontentservice.mapper.CourseBaseMapper.deleteById
2024-06-05 17:33:01,900 DEBUG [main][MybatisConfiguration.java:128] - addMappedStatement: com.lyle.lettyeducontentservice.mapper.CourseBaseMapper.deleteById
2024-06-05 17:33:01,901 DEBUG [main][MybatisConfiguration.java:128] - addMappedStatement: com.lyle.lettyeducontentservice.mapper.CourseBaseMapper.deleteBatchIds
2024-06-05 17:33:01,901 DEBUG [main][MybatisConfiguration.java:128] - addMappedStatement: com.lyle.lettyeducontentservice.mapper.CourseBaseMapper.deleteBatchIds
2024-06-05 17:33:01,903 DEBUG [main][MybatisConfiguration.java:128] - addMappedStatement: com.lyle.lettyeducontentservice.mapper.CourseBaseMapper.update
2024-06-05 17:33:01,903 DEBUG [main][MybatisConfiguration.java:128] - addMappedStatement: com.lyle.lettyeducontentservice.mapper.CourseBaseMapper.update
2024-06-05 17:33:01,904 DEBUG [main][MybatisConfiguration.java:128] - addMappedStatement: com.lyle.lettyeducontentservice.mapper.CourseBaseMapper.updateById
2024-06-05 17:33:01,904 DEBUG [main][MybatisConfiguration.java:128] - addMappedStatement: com.lyle.lettyeducontentservice.mapper.CourseBaseMapper.updateById
2024-06-05 17:33:01,905 DEBUG [main][MybatisConfiguration.java:128] - addMappedStatement: com.lyle.lettyeducontentservice.mapper.CourseBaseMapper.selectById
2024-06-05 17:33:01,905 DEBUG [main][MybatisConfiguration.java:128] - addMappedStatement: com.lyle.lettyeducontentservice.mapper.CourseBaseMapper.selectById
2024-06-05 17:33:01,906 DEBUG [main][MybatisConfiguration.java:128] - addMappedStatement: com.lyle.lettyeducontentservice.mapper.CourseBaseMapper.selectBatchIds
2024-06-05 17:33:01,906 DEBUG [main][MybatisConfiguration.java:128] - addMappedStatement: com.lyle.lettyeducontentservice.mapper.CourseBaseMapper.selectBatchIds
2024-06-05 17:33:01,906 DEBUG [main][MybatisConfiguration.java:128] - addMappedStatement: com.lyle.lettyeducontentservice.mapper.CourseBaseMapper.selectByMap
2024-06-05 17:33:01,906 DEBUG [main][MybatisConfiguration.java:128] - addMappedStatement: com.lyle.lettyeducontentservice.mapper.CourseBaseMapper.selectByMap
2024-06-05 17:33:01,907 DEBUG [main][MybatisConfiguration.java:128] - addMappedStatement: com.lyle.lettyeducontentservice.mapper.CourseBaseMapper.selectOne
2024-06-05 17:33:01,907 DEBUG [main][MybatisConfiguration.java:128] - addMappedStatement: com.lyle.lettyeducontentservice.mapper.CourseBaseMapper.selectOne
2024-06-05 17:33:01,909 DEBUG [main][MybatisConfiguration.java:128] - addMappedStatement: com.lyle.lettyeducontentservice.mapper.CourseBaseMapper.selectCount
2024-06-05 17:33:01,909 DEBUG [main][MybatisConfiguration.java:128] - addMappedStatement: com.lyle.lettyeducontentservice.mapper.CourseBaseMapper.selectCount
2024-06-05 17:33:01,910 DEBUG [main][MybatisConfiguration.java:128] - addMappedStatement: com.lyle.lettyeducontentservice.mapper.CourseBaseMapper.selectMaps
2024-06-05 17:33:01,910 DEBUG [main][MybatisConfiguration.java:128] - addMappedStatement: com.lyle.lettyeducontentservice.mapper.CourseBaseMapper.selectMaps
2024-06-05 17:33:01,911 DEBUG [main][MybatisConfiguration.java:128] - addMappedStatement: com.lyle.lettyeducontentservice.mapper.CourseBaseMapper.selectMapsPage
2024-06-05 17:33:01,911 DEBUG [main][MybatisConfiguration.java:128] - addMappedStatement: com.lyle.lettyeducontentservice.mapper.CourseBaseMapper.selectMapsPage
2024-06-05 17:33:01,912 DEBUG [main][MybatisConfiguration.java:128] - addMappedStatement: com.lyle.lettyeducontentservice.mapper.CourseBaseMapper.selectObjs
2024-06-05 17:33:01,912 DEBUG [main][MybatisConfiguration.java:128] - addMappedStatement: com.lyle.lettyeducontentservice.mapper.CourseBaseMapper.selectObjs
2024-06-05 17:33:01,913 DEBUG [main][MybatisConfiguration.java:128] - addMappedStatement: com.lyle.lettyeducontentservice.mapper.CourseBaseMapper.selectList
2024-06-05 17:33:01,913 DEBUG [main][MybatisConfiguration.java:128] - addMappedStatement: com.lyle.lettyeducontentservice.mapper.CourseBaseMapper.selectList
2024-06-05 17:33:01,914 DEBUG [main][MybatisConfiguration.java:128] - addMappedStatement: com.lyle.lettyeducontentservice.mapper.CourseBaseMapper.selectPage
2024-06-05 17:33:01,914 DEBUG [main][MybatisConfiguration.java:128] - addMappedStatement: com.lyle.lettyeducontentservice.mapper.CourseBaseMapper.selectPage
2024-06-05 17:33:02,050 INFO [main][PropertySourcedRequestMappingHandlerMapping.java:69] - Mapped URL path [/v2/api-docs] onto method [springfox.documentation.swagger2.web.Swagger2Controller#getDocumentation(String, HttpServletRequest)]
2024-06-05 17:33:02,050 INFO [main][PropertySourcedRequestMappingHandlerMapping.java:69] - Mapped URL path [/v2/api-docs] onto method [springfox.documentation.swagger2.web.Swagger2Controller#getDocumentation(String, HttpServletRequest)]
2024-06-05 17:33:02,066 DEBUG [main][ResourceBundleMessageInterpolator.java:172] - Loaded expression factory via original TCCL
2024-06-05 17:33:02,066 DEBUG [main][ResourceBundleMessageInterpolator.java:172] - Loaded expression factory via original TCCL
2024-06-05 17:33:02,068 DEBUG [main][AbstractConfigurationImpl.java:171] - Setting custom MessageInterpolator of type org.springframework.validation.beanvalidation.LocaleContextMessageInterpolator
2024-06-05 17:33:02,068 DEBUG [main][AbstractConfigurationImpl.java:171] - Setting custom MessageInterpolator of type org.springframework.validation.beanvalidation.LocaleContextMessageInterpolator
2024-06-05 17:33:02,068 DEBUG [main][AbstractConfigurationImpl.java:203] - Setting custom ConstraintValidatorFactory of type org.springframework.validation.beanvalidation.SpringConstraintValidatorFactory
2024-06-05 17:33:02,068 DEBUG [main][AbstractConfigurationImpl.java:203] - Setting custom ConstraintValidatorFactory of type org.springframework.validation.beanvalidation.SpringConstraintValidatorFactory
2024-06-05 17:33:02,068 DEBUG [main][AbstractConfigurationImpl.java:217] - Setting custom ParameterNameProvider of type org.springframework.validation.beanvalidation.LocalValidatorFactoryBean$1
2024-06-05 17:33:02,068 DEBUG [main][AbstractConfigurationImpl.java:217] - Setting custom ParameterNameProvider of type org.springframework.validation.beanvalidation.LocalValidatorFactoryBean$1
2024-06-05 17:33:02,069 DEBUG [main][ValidationXmlParser.java:120] - Trying to load META-INF/validation.xml for XML based Validator configuration.
2024-06-05 17:33:02,069 DEBUG [main][ValidationXmlParser.java:120] - Trying to load META-INF/validation.xml for XML based Validator configuration.
2024-06-05 17:33:02,069 DEBUG [main][ResourceLoaderHelper.java:53] - Trying to load META-INF/validation.xml via user class loader
2024-06-05 17:33:02,069 DEBUG [main][ResourceLoaderHelper.java:53] - Trying to load META-INF/validation.xml via user class loader
2024-06-05 17:33:02,069 DEBUG [main][ResourceLoaderHelper.java:60] - Trying to load META-INF/validation.xml via TCCL
2024-06-05 17:33:02,069 DEBUG [main][ResourceLoaderHelper.java:60] - Trying to load META-INF/validation.xml via TCCL
2024-06-05 17:33:02,069 DEBUG [main][ResourceLoaderHelper.java:66] - Trying to load META-INF/validation.xml via Hibernate Validator's class loader
2024-06-05 17:33:02,069 DEBUG [main][ResourceLoaderHelper.java:66] - Trying to load META-INF/validation.xml via Hibernate Validator's class loader
2024-06-05 17:33:02,070 DEBUG [main][ValidationXmlParser.java:127] - No META-INF/validation.xml found. Using annotation based configuration only.
2024-06-05 17:33:02,070 DEBUG [main][ValidationXmlParser.java:127] - No META-INF/validation.xml found. Using annotation based configuration only.
2024-06-05 17:33:02,070 DEBUG [main][TraversableResolvers.java:60] - Cannot find javax.persistence.Persistence on classpath. Assuming non JPA 2 environment. All properties will per default be traversable.
2024-06-05 17:33:02,070 DEBUG [main][TraversableResolvers.java:60] - Cannot find javax.persistence.Persistence on classpath. Assuming non JPA 2 environment. All properties will per default be traversable.
2024-06-05 17:33:02,071 DEBUG [main][ValidatorFactoryConfigurationHelper.java:300] - HV000252: Using org.hibernate.validator.internal.engine.DefaultPropertyNodeNameProvider as property node name provider.
2024-06-05 17:33:02,071 DEBUG [main][ValidatorFactoryConfigurationHelper.java:300] - HV000252: Using org.hibernate.validator.internal.engine.DefaultPropertyNodeNameProvider as property node name provider.
2024-06-05 17:33:02,071 DEBUG [main][ValidatorFactoryConfigurationHelper.java:375] - HV000234: Using org.springframework.validation.beanvalidation.LocaleContextMessageInterpolator as ValidatorFactory-scoped message interpolator.
2024-06-05 17:33:02,071 DEBUG [main][ValidatorFactoryConfigurationHelper.java:375] - HV000234: Using org.springframework.validation.beanvalidation.LocaleContextMessageInterpolator as ValidatorFactory-scoped message interpolator.
2024-06-05 17:33:02,071 DEBUG [main][ValidatorFactoryConfigurationHelper.java:376] - HV000234: Using org.hibernate.validator.internal.engine.resolver.TraverseAllTraversableResolver as ValidatorFactory-scoped traversable resolver.
2024-06-05 17:33:02,071 DEBUG [main][ValidatorFactoryConfigurationHelper.java:376] - HV000234: Using org.hibernate.validator.internal.engine.resolver.TraverseAllTraversableResolver as ValidatorFactory-scoped traversable resolver.
2024-06-05 17:33:02,071 DEBUG [main][ValidatorFactoryConfigurationHelper.java:377] - HV000234: Using org.hibernate.validator.internal.util.ExecutableParameterNameProvider as ValidatorFactory-scoped parameter name provider.
2024-06-05 17:33:02,071 DEBUG [main][ValidatorFactoryConfigurationHelper.java:377] - HV000234: Using org.hibernate.validator.internal.util.ExecutableParameterNameProvider as ValidatorFactory-scoped parameter name provider.
2024-06-05 17:33:02,071 DEBUG [main][ValidatorFactoryConfigurationHelper.java:378] - HV000234: Using org.hibernate.validator.internal.engine.DefaultClockProvider as ValidatorFactory-scoped clock provider.
2024-06-05 17:33:02,071 DEBUG [main][ValidatorFactoryConfigurationHelper.java:378] - HV000234: Using org.hibernate.validator.internal.engine.DefaultClockProvider as ValidatorFactory-scoped clock provider.
2024-06-05 17:33:02,071 DEBUG [main][ValidatorFactoryConfigurationHelper.java:379] - HV000234: Using org.hibernate.validator.internal.engine.scripting.DefaultScriptEvaluatorFactory as ValidatorFactory-scoped script evaluator factory.
2024-06-05 17:33:02,071 DEBUG [main][ValidatorFactoryConfigurationHelper.java:379] - HV000234: Using org.hibernate.validator.internal.engine.scripting.DefaultScriptEvaluatorFactory as ValidatorFactory-scoped script evaluator factory.
2024-06-05 17:33:02,089 INFO [main][ExecutorConfigurationSupport.java:181] - Initializing ExecutorService 'applicationTaskExecutor'
2024-06-05 17:33:02,089 INFO [main][ExecutorConfigurationSupport.java:181] - Initializing ExecutorService 'applicationTaskExecutor'
2024-06-05 17:33:02,150 DEBUG [main][MybatisConfiguration.java:128] - addMappedStatement: com.lyle.lettyeducontentservice.mapper.CourseCategoryMapper.insert
2024-06-05 17:33:02,150 DEBUG [main][MybatisConfiguration.java:128] - addMappedStatement: com.lyle.lettyeducontentservice.mapper.CourseCategoryMapper.insert
2024-06-05 17:33:02,151 DEBUG [main][MybatisConfiguration.java:128] - addMappedStatement: com.lyle.lettyeducontentservice.mapper.CourseCategoryMapper.delete
2024-06-05 17:33:02,151 DEBUG [main][MybatisConfiguration.java:128] - addMappedStatement: com.lyle.lettyeducontentservice.mapper.CourseCategoryMapper.delete
2024-06-05 17:33:02,151 DEBUG [main][MybatisConfiguration.java:128] - addMappedStatement: com.lyle.lettyeducontentservice.mapper.CourseCategoryMapper.deleteByMap
2024-06-05 17:33:02,151 DEBUG [main][MybatisConfiguration.java:128] - addMappedStatement: com.lyle.lettyeducontentservice.mapper.CourseCategoryMapper.deleteByMap
2024-06-05 17:33:02,152 DEBUG [main][MybatisConfiguration.java:128] - addMappedStatement: com.lyle.lettyeducontentservice.mapper.CourseCategoryMapper.deleteById
2024-06-05 17:33:02,152 DEBUG [main][MybatisConfiguration.java:128] - addMappedStatement: com.lyle.lettyeducontentservice.mapper.CourseCategoryMapper.deleteById
2024-06-05 17:33:02,153 DEBUG [main][MybatisConfiguration.java:128] - addMappedStatement: com.lyle.lettyeducontentservice.mapper.CourseCategoryMapper.deleteBatchIds
2024-06-05 17:33:02,153 DEBUG [main][MybatisConfiguration.java:128] - addMappedStatement: com.lyle.lettyeducontentservice.mapper.CourseCategoryMapper.deleteBatchIds
2024-06-05 17:33:02,153 DEBUG [main][MybatisConfiguration.java:128] - addMappedStatement: com.lyle.lettyeducontentservice.mapper.CourseCategoryMapper.update
2024-06-05 17:33:02,153 DEBUG [main][MybatisConfiguration.java:128] - addMappedStatement: com.lyle.lettyeducontentservice.mapper.CourseCategoryMapper.update
2024-06-05 17:33:02,154 DEBUG [main][MybatisConfiguration.java:128] - addMappedStatement: com.lyle.lettyeducontentservice.mapper.CourseCategoryMapper.updateById
2024-06-05 17:33:02,154 DEBUG [main][MybatisConfiguration.java:128] - addMappedStatement: com.lyle.lettyeducontentservice.mapper.CourseCategoryMapper.updateById
2024-06-05 17:33:02,154 DEBUG [main][MybatisConfiguration.java:128] - addMappedStatement: com.lyle.lettyeducontentservice.mapper.CourseCategoryMapper.selectById
2024-06-05 17:33:02,154 DEBUG [main][MybatisConfiguration.java:128] - addMappedStatement: com.lyle.lettyeducontentservice.mapper.CourseCategoryMapper.selectById
2024-06-05 17:33:02,155 DEBUG [main][MybatisConfiguration.java:128] - addMappedStatement: com.lyle.lettyeducontentservice.mapper.CourseCategoryMapper.selectBatchIds
2024-06-05 17:33:02,155 DEBUG [main][MybatisConfiguration.java:128] - addMappedStatement: com.lyle.lettyeducontentservice.mapper.CourseCategoryMapper.selectBatchIds
2024-06-05 17:33:02,155 DEBUG [main][MybatisConfiguration.java:128] - addMappedStatement: com.lyle.lettyeducontentservice.mapper.CourseCategoryMapper.selectByMap
2024-06-05 17:33:02,155 DEBUG [main][MybatisConfiguration.java:128] - addMappedStatement: com.lyle.lettyeducontentservice.mapper.CourseCategoryMapper.selectByMap
2024-06-05 17:33:02,156 DEBUG [main][MybatisConfiguration.java:128] - addMappedStatement: com.lyle.lettyeducontentservice.mapper.CourseCategoryMapper.selectOne
2024-06-05 17:33:02,156 DEBUG [main][MybatisConfiguration.java:128] - addMappedStatement: com.lyle.lettyeducontentservice.mapper.CourseCategoryMapper.selectOne
2024-06-05 17:33:02,157 DEBUG [main][MybatisConfiguration.java:128] - addMappedStatement: com.lyle.lettyeducontentservice.mapper.CourseCategoryMapper.selectCount
2024-06-05 17:33:02,157 DEBUG [main][MybatisConfiguration.java:128] - addMappedStatement: com.lyle.lettyeducontentservice.mapper.CourseCategoryMapper.selectCount
2024-06-05 17:33:02,157 DEBUG [main][MybatisConfiguration.java:128] - addMappedStatement: com.lyle.lettyeducontentservice.mapper.CourseCategoryMapper.selectMaps
2024-06-05 17:33:02,157 DEBUG [main][MybatisConfiguration.java:128] - addMappedStatement: com.lyle.lettyeducontentservice.mapper.CourseCategoryMapper.selectMaps
2024-06-05 17:33:02,158 DEBUG [main][MybatisConfiguration.java:128] - addMappedStatement: com.lyle.lettyeducontentservice.mapper.CourseCategoryMapper.selectMapsPage
2024-06-05 17:33:02,158 DEBUG [main][MybatisConfiguration.java:128] - addMappedStatement: com.lyle.lettyeducontentservice.mapper.CourseCategoryMapper.selectMapsPage
2024-06-05 17:33:02,159 DEBUG [main][MybatisConfiguration.java:128] - addMappedStatement: com.lyle.lettyeducontentservice.mapper.CourseCategoryMapper.selectObjs
2024-06-05 17:33:02,159 DEBUG [main][MybatisConfiguration.java:128] - addMappedStatement: com.lyle.lettyeducontentservice.mapper.CourseCategoryMapper.selectObjs
2024-06-05 17:33:02,159 DEBUG [main][MybatisConfiguration.java:128] - addMappedStatement: com.lyle.lettyeducontentservice.mapper.CourseCategoryMapper.selectList
2024-06-05 17:33:02,159 DEBUG [main][MybatisConfiguration.java:128] - addMappedStatement: com.lyle.lettyeducontentservice.mapper.CourseCategoryMapper.selectList
2024-06-05 17:33:02,160 DEBUG [main][MybatisConfiguration.java:128] - addMappedStatement: com.lyle.lettyeducontentservice.mapper.CourseCategoryMapper.selectPage
2024-06-05 17:33:02,160 DEBUG [main][MybatisConfiguration.java:128] - addMappedStatement: com.lyle.lettyeducontentservice.mapper.CourseCategoryMapper.selectPage
2024-06-05 17:33:02,162 DEBUG [main][MybatisConfiguration.java:128] - addMappedStatement: com.lyle.lettyeducontentservice.mapper.CourseMarketMapper.insert
2024-06-05 17:33:02,162 DEBUG [main][MybatisConfiguration.java:128] - addMappedStatement: com.lyle.lettyeducontentservice.mapper.CourseMarketMapper.insert
2024-06-05 17:33:02,163 DEBUG [main][MybatisConfiguration.java:128] - addMappedStatement: com.lyle.lettyeducontentservice.mapper.CourseMarketMapper.delete
2024-06-05 17:33:02,163 DEBUG [main][MybatisConfiguration.java:128] - addMappedStatement: com.lyle.lettyeducontentservice.mapper.CourseMarketMapper.delete
2024-06-05 17:33:02,164 DEBUG [main][MybatisConfiguration.java:128] - addMappedStatement: com.lyle.lettyeducontentservice.mapper.CourseMarketMapper.deleteByMap
2024-06-05 17:33:02,164 DEBUG [main][MybatisConfiguration.java:128] - addMappedStatement: com.lyle.lettyeducontentservice.mapper.CourseMarketMapper.deleteByMap
2024-06-05 17:33:02,164 DEBUG [main][MybatisConfiguration.java:128] - addMappedStatement: com.lyle.lettyeducontentservice.mapper.CourseMarketMapper.deleteById
2024-06-05 17:33:02,164 DEBUG [main][MybatisConfiguration.java:128] - addMappedStatement: com.lyle.lettyeducontentservice.mapper.CourseMarketMapper.deleteById
2024-06-05 17:33:02,165 DEBUG [main][MybatisConfiguration.java:128] - addMappedStatement: com.lyle.lettyeducontentservice.mapper.CourseMarketMapper.deleteBatchIds
2024-06-05 17:33:02,165 DEBUG [main][MybatisConfiguration.java:128] - addMappedStatement: com.lyle.lettyeducontentservice.mapper.CourseMarketMapper.deleteBatchIds
2024-06-05 17:33:02,166 DEBUG [main][MybatisConfiguration.java:128] - addMappedStatement: com.lyle.lettyeducontentservice.mapper.CourseMarketMapper.update
2024-06-05 17:33:02,166 DEBUG [main][MybatisConfiguration.java:128] - addMappedStatement: com.lyle.lettyeducontentservice.mapper.CourseMarketMapper.update
2024-06-05 17:33:02,166 DEBUG [main][MybatisConfiguration.java:128] - addMappedStatement: com.lyle.lettyeducontentservice.mapper.CourseMarketMapper.updateById
2024-06-05 17:33:02,166 DEBUG [main][MybatisConfiguration.java:128] - addMappedStatement: com.lyle.lettyeducontentservice.mapper.CourseMarketMapper.updateById
2024-06-05 17:33:02,166 DEBUG [main][MybatisConfiguration.java:128] - addMappedStatement: com.lyle.lettyeducontentservice.mapper.CourseMarketMapper.selectById
2024-06-05 17:33:02,166 DEBUG [main][MybatisConfiguration.java:128] - addMappedStatement: com.lyle.lettyeducontentservice.mapper.CourseMarketMapper.selectById
2024-06-05 17:33:02,167 DEBUG [main][MybatisConfiguration.java:128] - addMappedStatement: com.lyle.lettyeducontentservice.mapper.CourseMarketMapper.selectBatchIds
2024-06-05 17:33:02,167 DEBUG [main][MybatisConfiguration.java:128] - addMappedStatement: com.lyle.lettyeducontentservice.mapper.CourseMarketMapper.selectBatchIds
2024-06-05 17:33:02,167 DEBUG [main][MybatisConfiguration.java:128] - addMappedStatement: com.lyle.lettyeducontentservice.mapper.CourseMarketMapper.selectByMap
2024-06-05 17:33:02,167 DEBUG [main][MybatisConfiguration.java:128] - addMappedStatement: com.lyle.lettyeducontentservice.mapper.CourseMarketMapper.selectByMap
2024-06-05 17:33:02,168 DEBUG [main][MybatisConfiguration.java:128] - addMappedStatement: com.lyle.lettyeducontentservice.mapper.CourseMarketMapper.selectOne
2024-06-05 17:33:02,168 DEBUG [main][MybatisConfiguration.java:128] - addMappedStatement: com.lyle.lettyeducontentservice.mapper.CourseMarketMapper.selectOne
2024-06-05 17:33:02,169 DEBUG [main][MybatisConfiguration.java:128] - addMappedStatement: com.lyle.lettyeducontentservice.mapper.CourseMarketMapper.selectCount
2024-06-05 17:33:02,169 DEBUG [main][MybatisConfiguration.java:128] - addMappedStatement: com.lyle.lettyeducontentservice.mapper.CourseMarketMapper.selectCount
2024-06-05 17:33:02,169 DEBUG [main][MybatisConfiguration.java:128] - addMappedStatement: com.lyle.lettyeducontentservice.mapper.CourseMarketMapper.selectMaps
2024-06-05 17:33:02,169 DEBUG [main][MybatisConfiguration.java:128] - addMappedStatement: com.lyle.lettyeducontentservice.mapper.CourseMarketMapper.selectMaps
2024-06-05 17:33:02,170 DEBUG [main][MybatisConfiguration.java:128] - addMappedStatement: com.lyle.lettyeducontentservice.mapper.CourseMarketMapper.selectMapsPage
2024-06-05 17:33:02,170 DEBUG [main][MybatisConfiguration.java:128] - addMappedStatement: com.lyle.lettyeducontentservice.mapper.CourseMarketMapper.selectMapsPage
2024-06-05 17:33:02,171 DEBUG [main][MybatisConfiguration.java:128] - addMappedStatement: com.lyle.lettyeducontentservice.mapper.CourseMarketMapper.selectObjs
2024-06-05 17:33:02,171 DEBUG [main][MybatisConfiguration.java:128] - addMappedStatement: com.lyle.lettyeducontentservice.mapper.CourseMarketMapper.selectObjs
2024-06-05 17:33:02,171 DEBUG [main][MybatisConfiguration.java:128] - addMappedStatement: com.lyle.lettyeducontentservice.mapper.CourseMarketMapper.selectList
2024-06-05 17:33:02,171 DEBUG [main][MybatisConfiguration.java:128] - addMappedStatement: com.lyle.lettyeducontentservice.mapper.CourseMarketMapper.selectList
2024-06-05 17:33:02,172 DEBUG [main][MybatisConfiguration.java:128] - addMappedStatement: com.lyle.lettyeducontentservice.mapper.CourseMarketMapper.selectPage
2024-06-05 17:33:02,172 DEBUG [main][MybatisConfiguration.java:128] - addMappedStatement: com.lyle.lettyeducontentservice.mapper.CourseMarketMapper.selectPage
2024-06-05 17:33:02,175 DEBUG [main][MybatisConfiguration.java:128] - addMappedStatement: com.lyle.lettyeducontentservice.mapper.CoursePublishMapper.insert
2024-06-05 17:33:02,175 DEBUG [main][MybatisConfiguration.java:128] - addMappedStatement: com.lyle.lettyeducontentservice.mapper.CoursePublishMapper.insert
2024-06-05 17:33:02,175 DEBUG [main][MybatisConfiguration.java:128] - addMappedStatement: com.lyle.lettyeducontentservice.mapper.CoursePublishMapper.delete
2024-06-05 17:33:02,175 DEBUG [main][MybatisConfiguration.java:128] - addMappedStatement: com.lyle.lettyeducontentservice.mapper.CoursePublishMapper.delete
2024-06-05 17:33:02,176 DEBUG [main][MybatisConfiguration.java:128] - addMappedStatement: com.lyle.lettyeducontentservice.mapper.CoursePublishMapper.deleteByMap
2024-06-05 17:33:02,176 DEBUG [main][MybatisConfiguration.java:128] - addMappedStatement: com.lyle.lettyeducontentservice.mapper.CoursePublishMapper.deleteByMap
2024-06-05 17:33:02,176 DEBUG [main][MybatisConfiguration.java:128] - addMappedStatement: com.lyle.lettyeducontentservice.mapper.CoursePublishMapper.deleteById
2024-06-05 17:33:02,176 DEBUG [main][MybatisConfiguration.java:128] - addMappedStatement: com.lyle.lettyeducontentservice.mapper.CoursePublishMapper.deleteById
2024-06-05 17:33:02,177 DEBUG [main][MybatisConfiguration.java:128] - addMappedStatement: com.lyle.lettyeducontentservice.mapper.CoursePublishMapper.deleteBatchIds
2024-06-05 17:33:02,177 DEBUG [main][MybatisConfiguration.java:128] - addMappedStatement: com.lyle.lettyeducontentservice.mapper.CoursePublishMapper.deleteBatchIds
2024-06-05 17:33:02,178 DEBUG [main][MybatisConfiguration.java:128] - addMappedStatement: com.lyle.lettyeducontentservice.mapper.CoursePublishMapper.update
2024-06-05 17:33:02,178 DEBUG [main][MybatisConfiguration.java:128] - addMappedStatement: com.lyle.lettyeducontentservice.mapper.CoursePublishMapper.update
2024-06-05 17:33:02,178 DEBUG [main][MybatisConfiguration.java:128] - addMappedStatement: com.lyle.lettyeducontentservice.mapper.CoursePublishMapper.updateById
2024-06-05 17:33:02,178 DEBUG [main][MybatisConfiguration.java:128] - addMappedStatement: com.lyle.lettyeducontentservice.mapper.CoursePublishMapper.updateById
2024-06-05 17:33:02,179 DEBUG [main][MybatisConfiguration.java:128] - addMappedStatement: com.lyle.lettyeducontentservice.mapper.CoursePublishMapper.selectById
2024-06-05 17:33:02,179 DEBUG [main][MybatisConfiguration.java:128] - addMappedStatement: com.lyle.lettyeducontentservice.mapper.CoursePublishMapper.selectById
2024-06-05 17:33:02,179 DEBUG [main][MybatisConfiguration.java:128] - addMappedStatement: com.lyle.lettyeducontentservice.mapper.CoursePublishMapper.selectBatchIds
2024-06-05 17:33:02,179 DEBUG [main][MybatisConfiguration.java:128] - addMappedStatement: com.lyle.lettyeducontentservice.mapper.CoursePublishMapper.selectBatchIds
2024-06-05 17:33:02,179 DEBUG [main][MybatisConfiguration.java:128] - addMappedStatement: com.lyle.lettyeducontentservice.mapper.CoursePublishMapper.selectByMap
2024-06-05 17:33:02,179 DEBUG [main][MybatisConfiguration.java:128] - addMappedStatement: com.lyle.lettyeducontentservice.mapper.CoursePublishMapper.selectByMap
2024-06-05 17:33:02,180 DEBUG [main][MybatisConfiguration.java:128] - addMappedStatement: com.lyle.lettyeducontentservice.mapper.CoursePublishMapper.selectOne
2024-06-05 17:33:02,180 DEBUG [main][MybatisConfiguration.java:128] - addMappedStatement: com.lyle.lettyeducontentservice.mapper.CoursePublishMapper.selectOne
2024-06-05 17:33:02,181 DEBUG [main][MybatisConfiguration.java:128] - addMappedStatement: com.lyle.lettyeducontentservice.mapper.CoursePublishMapper.selectCount
2024-06-05 17:33:02,181 DEBUG [main][MybatisConfiguration.java:128] - addMappedStatement: com.lyle.lettyeducontentservice.mapper.CoursePublishMapper.selectCount
2024-06-05 17:33:02,181 DEBUG [main][MybatisConfiguration.java:128] - addMappedStatement: com.lyle.lettyeducontentservice.mapper.CoursePublishMapper.selectMaps
2024-06-05 17:33:02,181 DEBUG [main][MybatisConfiguration.java:128] - addMappedStatement: com.lyle.lettyeducontentservice.mapper.CoursePublishMapper.selectMaps
2024-06-05 17:33:02,182 DEBUG [main][MybatisConfiguration.java:128] - addMappedStatement: com.lyle.lettyeducontentservice.mapper.CoursePublishMapper.selectMapsPage
2024-06-05 17:33:02,182 DEBUG [main][MybatisConfiguration.java:128] - addMappedStatement: com.lyle.lettyeducontentservice.mapper.CoursePublishMapper.selectMapsPage
2024-06-05 17:33:02,183 DEBUG [main][MybatisConfiguration.java:128] - addMappedStatement: com.lyle.lettyeducontentservice.mapper.CoursePublishMapper.selectObjs
2024-06-05 17:33:02,183 DEBUG [main][MybatisConfiguration.java:128] - addMappedStatement: com.lyle.lettyeducontentservice.mapper.CoursePublishMapper.selectObjs
2024-06-05 17:33:02,183 DEBUG [main][MybatisConfiguration.java:128] - addMappedStatement: com.lyle.lettyeducontentservice.mapper.CoursePublishMapper.selectList
2024-06-05 17:33:02,183 DEBUG [main][MybatisConfiguration.java:128] - addMappedStatement: com.lyle.lettyeducontentservice.mapper.CoursePublishMapper.selectList
2024-06-05 17:33:02,184 DEBUG [main][MybatisConfiguration.java:128] - addMappedStatement: com.lyle.lettyeducontentservice.mapper.CoursePublishMapper.selectPage
2024-06-05 17:33:02,184 DEBUG [main][MybatisConfiguration.java:128] - addMappedStatement: com.lyle.lettyeducontentservice.mapper.CoursePublishMapper.selectPage
2024-06-05 17:33:02,186 DEBUG [main][MybatisConfiguration.java:128] - addMappedStatement: com.lyle.lettyeducontentservice.mapper.CoursePublishPreMapper.insert
2024-06-05 17:33:02,186 DEBUG [main][MybatisConfiguration.java:128] - addMappedStatement: com.lyle.lettyeducontentservice.mapper.CoursePublishPreMapper.insert
2024-06-05 17:33:02,187 DEBUG [main][MybatisConfiguration.java:128] - addMappedStatement: com.lyle.lettyeducontentservice.mapper.CoursePublishPreMapper.delete
2024-06-05 17:33:02,187 DEBUG [main][MybatisConfiguration.java:128] - addMappedStatement: com.lyle.lettyeducontentservice.mapper.CoursePublishPreMapper.delete
2024-06-05 17:33:02,187 DEBUG [main][MybatisConfiguration.java:128] - addMappedStatement: com.lyle.lettyeducontentservice.mapper.CoursePublishPreMapper.deleteByMap
2024-06-05 17:33:02,187 DEBUG [main][MybatisConfiguration.java:128] - addMappedStatement: com.lyle.lettyeducontentservice.mapper.CoursePublishPreMapper.deleteByMap
2024-06-05 17:33:02,188 DEBUG [main][MybatisConfiguration.java:128] - addMappedStatement: com.lyle.lettyeducontentservice.mapper.CoursePublishPreMapper.deleteById
2024-06-05 17:33:02,188 DEBUG [main][MybatisConfiguration.java:128] - addMappedStatement: com.lyle.lettyeducontentservice.mapper.CoursePublishPreMapper.deleteById
2024-06-05 17:33:02,188 DEBUG [main][MybatisConfiguration.java:128] - addMappedStatement: com.lyle.lettyeducontentservice.mapper.CoursePublishPreMapper.deleteBatchIds
2024-06-05 17:33:02,188 DEBUG [main][MybatisConfiguration.java:128] - addMappedStatement: com.lyle.lettyeducontentservice.mapper.CoursePublishPreMapper.deleteBatchIds
2024-06-05 17:33:02,189 DEBUG [main][MybatisConfiguration.java:128] - addMappedStatement: com.lyle.lettyeducontentservice.mapper.CoursePublishPreMapper.update
2024-06-05 17:33:02,189 DEBUG [main][MybatisConfiguration.java:128] - addMappedStatement: com.lyle.lettyeducontentservice.mapper.CoursePublishPreMapper.update
2024-06-05 17:33:02,190 DEBUG [main][MybatisConfiguration.java:128] - addMappedStatement: com.lyle.lettyeducontentservice.mapper.CoursePublishPreMapper.updateById
2024-06-05 17:33:02,190 DEBUG [main][MybatisConfiguration.java:128] - addMappedStatement: com.lyle.lettyeducontentservice.mapper.CoursePublishPreMapper.updateById
2024-06-05 17:33:02,190 DEBUG [main][MybatisConfiguration.java:128] - addMappedStatement: com.lyle.lettyeducontentservice.mapper.CoursePublishPreMapper.selectById
2024-06-05 17:33:02,190 DEBUG [main][MybatisConfiguration.java:128] - addMappedStatement: com.lyle.lettyeducontentservice.mapper.CoursePublishPreMapper.selectById
2024-06-05 17:33:02,190 DEBUG [main][MybatisConfiguration.java:128] - addMappedStatement: com.lyle.lettyeducontentservice.mapper.CoursePublishPreMapper.selectBatchIds
2024-06-05 17:33:02,190 DEBUG [main][MybatisConfiguration.java:128] - addMappedStatement: com.lyle.lettyeducontentservice.mapper.CoursePublishPreMapper.selectBatchIds
2024-06-05 17:33:02,191 DEBUG [main][MybatisConfiguration.java:128] - addMappedStatement: com.lyle.lettyeducontentservice.mapper.CoursePublishPreMapper.selectByMap
2024-06-05 17:33:02,191 DEBUG [main][MybatisConfiguration.java:128] - addMappedStatement: com.lyle.lettyeducontentservice.mapper.CoursePublishPreMapper.selectByMap
2024-06-05 17:33:02,191 DEBUG [main][MybatisConfiguration.java:128] - addMappedStatement: com.lyle.lettyeducontentservice.mapper.CoursePublishPreMapper.selectOne
2024-06-05 17:33:02,191 DEBUG [main][MybatisConfiguration.java:128] - addMappedStatement: com.lyle.lettyeducontentservice.mapper.CoursePublishPreMapper.selectOne
2024-06-05 17:33:02,192 DEBUG [main][MybatisConfiguration.java:128] - addMappedStatement: com.lyle.lettyeducontentservice.mapper.CoursePublishPreMapper.selectCount
2024-06-05 17:33:02,192 DEBUG [main][MybatisConfiguration.java:128] - addMappedStatement: com.lyle.lettyeducontentservice.mapper.CoursePublishPreMapper.selectCount
2024-06-05 17:33:02,193 DEBUG [main][MybatisConfiguration.java:128] - addMappedStatement: com.lyle.lettyeducontentservice.mapper.CoursePublishPreMapper.selectMaps
2024-06-05 17:33:02,193 DEBUG [main][MybatisConfiguration.java:128] - addMappedStatement: com.lyle.lettyeducontentservice.mapper.CoursePublishPreMapper.selectMaps
2024-06-05 17:33:02,193 DEBUG [main][MybatisConfiguration.java:128] - addMappedStatement: com.lyle.lettyeducontentservice.mapper.CoursePublishPreMapper.selectMapsPage
2024-06-05 17:33:02,193 DEBUG [main][MybatisConfiguration.java:128] - addMappedStatement: com.lyle.lettyeducontentservice.mapper.CoursePublishPreMapper.selectMapsPage
2024-06-05 17:33:02,194 DEBUG [main][MybatisConfiguration.java:128] - addMappedStatement: com.lyle.lettyeducontentservice.mapper.CoursePublishPreMapper.selectObjs
2024-06-05 17:33:02,194 DEBUG [main][MybatisConfiguration.java:128] - addMappedStatement: com.lyle.lettyeducontentservice.mapper.CoursePublishPreMapper.selectObjs
2024-06-05 17:33:02,195 DEBUG [main][MybatisConfiguration.java:128] - addMappedStatement: com.lyle.lettyeducontentservice.mapper.CoursePublishPreMapper.selectList
2024-06-05 17:33:02,195 DEBUG [main][MybatisConfiguration.java:128] - addMappedStatement: com.lyle.lettyeducontentservice.mapper.CoursePublishPreMapper.selectList
2024-06-05 17:33:02,195 DEBUG [main][MybatisConfiguration.java:128] - addMappedStatement: com.lyle.lettyeducontentservice.mapper.CoursePublishPreMapper.selectPage
2024-06-05 17:33:02,195 DEBUG [main][MybatisConfiguration.java:128] - addMappedStatement: com.lyle.lettyeducontentservice.mapper.CoursePublishPreMapper.selectPage
2024-06-05 17:33:02,197 DEBUG [main][MybatisConfiguration.java:128] - addMappedStatement: com.lyle.lettyeducontentservice.mapper.CourseTeacherMapper.insert
2024-06-05 17:33:02,197 DEBUG [main][MybatisConfiguration.java:128] - addMappedStatement: com.lyle.lettyeducontentservice.mapper.CourseTeacherMapper.insert
2024-06-05 17:33:02,198 DEBUG [main][MybatisConfiguration.java:128] - addMappedStatement: com.lyle.lettyeducontentservice.mapper.CourseTeacherMapper.delete
2024-06-05 17:33:02,198 DEBUG [main][MybatisConfiguration.java:128] - addMappedStatement: com.lyle.lettyeducontentservice.mapper.CourseTeacherMapper.delete
2024-06-05 17:33:02,198 DEBUG [main][MybatisConfiguration.java:128] - addMappedStatement: com.lyle.lettyeducontentservice.mapper.CourseTeacherMapper.deleteByMap
2024-06-05 17:33:02,198 DEBUG [main][MybatisConfiguration.java:128] - addMappedStatement: com.lyle.lettyeducontentservice.mapper.CourseTeacherMapper.deleteByMap
2024-06-05 17:33:02,199 DEBUG [main][MybatisConfiguration.java:128] - addMappedStatement: com.lyle.lettyeducontentservice.mapper.CourseTeacherMapper.deleteById
2024-06-05 17:33:02,199 DEBUG [main][MybatisConfiguration.java:128] - addMappedStatement: com.lyle.lettyeducontentservice.mapper.CourseTeacherMapper.deleteById
2024-06-05 17:33:02,199 DEBUG [main][MybatisConfiguration.java:128] - addMappedStatement: com.lyle.lettyeducontentservice.mapper.CourseTeacherMapper.deleteBatchIds
2024-06-05 17:33:02,199 DEBUG [main][MybatisConfiguration.java:128] - addMappedStatement: com.lyle.lettyeducontentservice.mapper.CourseTeacherMapper.deleteBatchIds
2024-06-05 17:33:02,200 DEBUG [main][MybatisConfiguration.java:128] - addMappedStatement: com.lyle.lettyeducontentservice.mapper.CourseTeacherMapper.update
2024-06-05 17:33:02,200 DEBUG [main][MybatisConfiguration.java:128] - addMappedStatement: com.lyle.lettyeducontentservice.mapper.CourseTeacherMapper.update
2024-06-05 17:33:02,200 DEBUG [main][MybatisConfiguration.java:128] - addMappedStatement: com.lyle.lettyeducontentservice.mapper.CourseTeacherMapper.updateById
2024-06-05 17:33:02,200 DEBUG [main][MybatisConfiguration.java:128] - addMappedStatement: com.lyle.lettyeducontentservice.mapper.CourseTeacherMapper.updateById
2024-06-05 17:33:02,200 DEBUG [main][MybatisConfiguration.java:128] - addMappedStatement: com.lyle.lettyeducontentservice.mapper.CourseTeacherMapper.selectById
2024-06-05 17:33:02,200 DEBUG [main][MybatisConfiguration.java:128] - addMappedStatement: com.lyle.lettyeducontentservice.mapper.CourseTeacherMapper.selectById
2024-06-05 17:33:02,201 DEBUG [main][MybatisConfiguration.java:128] - addMappedStatement: com.lyle.lettyeducontentservice.mapper.CourseTeacherMapper.selectBatchIds
2024-06-05 17:33:02,201 DEBUG [main][MybatisConfiguration.java:128] - addMappedStatement: com.lyle.lettyeducontentservice.mapper.CourseTeacherMapper.selectBatchIds
2024-06-05 17:33:02,201 DEBUG [main][MybatisConfiguration.java:128] - addMappedStatement: com.lyle.lettyeducontentservice.mapper.CourseTeacherMapper.selectByMap
2024-06-05 17:33:02,201 DEBUG [main][MybatisConfiguration.java:128] - addMappedStatement: com.lyle.lettyeducontentservice.mapper.CourseTeacherMapper.selectByMap
2024-06-05 17:33:02,202 DEBUG [main][MybatisConfiguration.java:128] - addMappedStatement: com.lyle.lettyeducontentservice.mapper.CourseTeacherMapper.selectOne
2024-06-05 17:33:02,202 DEBUG [main][MybatisConfiguration.java:128] - addMappedStatement: com.lyle.lettyeducontentservice.mapper.CourseTeacherMapper.selectOne
2024-06-05 17:33:02,202 DEBUG [main][MybatisConfiguration.java:128] - addMappedStatement: com.lyle.lettyeducontentservice.mapper.CourseTeacherMapper.selectCount
2024-06-05 17:33:02,202 DEBUG [main][MybatisConfiguration.java:128] - addMappedStatement: com.lyle.lettyeducontentservice.mapper.CourseTeacherMapper.selectCount
2024-06-05 17:33:02,203 DEBUG [main][MybatisConfiguration.java:128] - addMappedStatement: com.lyle.lettyeducontentservice.mapper.CourseTeacherMapper.selectMaps
2024-06-05 17:33:02,203 DEBUG [main][MybatisConfiguration.java:128] - addMappedStatement: com.lyle.lettyeducontentservice.mapper.CourseTeacherMapper.selectMaps
2024-06-05 17:33:02,203 DEBUG [main][MybatisConfiguration.java:128] - addMappedStatement: com.lyle.lettyeducontentservice.mapper.CourseTeacherMapper.selectMapsPage
2024-06-05 17:33:02,203 DEBUG [main][MybatisConfiguration.java:128] - addMappedStatement: com.lyle.lettyeducontentservice.mapper.CourseTeacherMapper.selectMapsPage
2024-06-05 17:33:02,204 DEBUG [main][MybatisConfiguration.java:128] - addMappedStatement: com.lyle.lettyeducontentservice.mapper.CourseTeacherMapper.selectObjs
2024-06-05 17:33:02,204 DEBUG [main][MybatisConfiguration.java:128] - addMappedStatement: com.lyle.lettyeducontentservice.mapper.CourseTeacherMapper.selectObjs
2024-06-05 17:33:02,204 DEBUG [main][MybatisConfiguration.java:128] - addMappedStatement: com.lyle.lettyeducontentservice.mapper.CourseTeacherMapper.selectList
2024-06-05 17:33:02,204 DEBUG [main][MybatisConfiguration.java:128] - addMappedStatement: com.lyle.lettyeducontentservice.mapper.CourseTeacherMapper.selectList
2024-06-05 17:33:02,205 DEBUG [main][MybatisConfiguration.java:128] - addMappedStatement: com.lyle.lettyeducontentservice.mapper.CourseTeacherMapper.selectPage
2024-06-05 17:33:02,205 DEBUG [main][MybatisConfiguration.java:128] - addMappedStatement: com.lyle.lettyeducontentservice.mapper.CourseTeacherMapper.selectPage
2024-06-05 17:33:02,207 DEBUG [main][MybatisConfiguration.java:128] - addMappedStatement: com.lyle.lettyeducontentservice.mapper.TeachplanMapper.insert
2024-06-05 17:33:02,207 DEBUG [main][MybatisConfiguration.java:128] - addMappedStatement: com.lyle.lettyeducontentservice.mapper.TeachplanMapper.insert
2024-06-05 17:33:02,208 DEBUG [main][MybatisConfiguration.java:128] - addMappedStatement: com.lyle.lettyeducontentservice.mapper.TeachplanMapper.delete
2024-06-05 17:33:02,208 DEBUG [main][MybatisConfiguration.java:128] - addMappedStatement: com.lyle.lettyeducontentservice.mapper.TeachplanMapper.delete
2024-06-05 17:33:02,208 DEBUG [main][MybatisConfiguration.java:128] - addMappedStatement: com.lyle.lettyeducontentservice.mapper.TeachplanMapper.deleteByMap
2024-06-05 17:33:02,208 DEBUG [main][MybatisConfiguration.java:128] - addMappedStatement: com.lyle.lettyeducontentservice.mapper.TeachplanMapper.deleteByMap
2024-06-05 17:33:02,209 DEBUG [main][MybatisConfiguration.java:128] - addMappedStatement: com.lyle.lettyeducontentservice.mapper.TeachplanMapper.deleteById
2024-06-05 17:33:02,209 DEBUG [main][MybatisConfiguration.java:128] - addMappedStatement: com.lyle.lettyeducontentservice.mapper.TeachplanMapper.deleteById
2024-06-05 17:33:02,209 DEBUG [main][MybatisConfiguration.java:128] - addMappedStatement: com.lyle.lettyeducontentservice.mapper.TeachplanMapper.deleteBatchIds
2024-06-05 17:33:02,209 DEBUG [main][MybatisConfiguration.java:128] - addMappedStatement: com.lyle.lettyeducontentservice.mapper.TeachplanMapper.deleteBatchIds
2024-06-05 17:33:02,210 DEBUG [main][MybatisConfiguration.java:128] - addMappedStatement: com.lyle.lettyeducontentservice.mapper.TeachplanMapper.update
2024-06-05 17:33:02,210 DEBUG [main][MybatisConfiguration.java:128] - addMappedStatement: com.lyle.lettyeducontentservice.mapper.TeachplanMapper.update
2024-06-05 17:33:02,210 DEBUG [main][MybatisConfiguration.java:128] - addMappedStatement: com.lyle.lettyeducontentservice.mapper.TeachplanMapper.updateById
2024-06-05 17:33:02,210 DEBUG [main][MybatisConfiguration.java:128] - addMappedStatement: com.lyle.lettyeducontentservice.mapper.TeachplanMapper.updateById
2024-06-05 17:33:02,211 DEBUG [main][MybatisConfiguration.java:128] - addMappedStatement: com.lyle.lettyeducontentservice.mapper.TeachplanMapper.selectById
2024-06-05 17:33:02,211 DEBUG [main][MybatisConfiguration.java:128] - addMappedStatement: com.lyle.lettyeducontentservice.mapper.TeachplanMapper.selectById
2024-06-05 17:33:02,211 DEBUG [main][MybatisConfiguration.java:128] - addMappedStatement: com.lyle.lettyeducontentservice.mapper.TeachplanMapper.selectBatchIds
2024-06-05 17:33:02,211 DEBUG [main][MybatisConfiguration.java:128] - addMappedStatement: com.lyle.lettyeducontentservice.mapper.TeachplanMapper.selectBatchIds
2024-06-05 17:33:02,211 DEBUG [main][MybatisConfiguration.java:128] - addMappedStatement: com.lyle.lettyeducontentservice.mapper.TeachplanMapper.selectByMap
2024-06-05 17:33:02,211 DEBUG [main][MybatisConfiguration.java:128] - addMappedStatement: com.lyle.lettyeducontentservice.mapper.TeachplanMapper.selectByMap
2024-06-05 17:33:02,212 DEBUG [main][MybatisConfiguration.java:128] - addMappedStatement: com.lyle.lettyeducontentservice.mapper.TeachplanMapper.selectOne
2024-06-05 17:33:02,212 DEBUG [main][MybatisConfiguration.java:128] - addMappedStatement: com.lyle.lettyeducontentservice.mapper.TeachplanMapper.selectOne
2024-06-05 17:33:02,213 DEBUG [main][MybatisConfiguration.java:128] - addMappedStatement: com.lyle.lettyeducontentservice.mapper.TeachplanMapper.selectCount
2024-06-05 17:33:02,213 DEBUG [main][MybatisConfiguration.java:128] - addMappedStatement: com.lyle.lettyeducontentservice.mapper.TeachplanMapper.selectCount
2024-06-05 17:33:02,220 DEBUG [main][MybatisConfiguration.java:128] - addMappedStatement: com.lyle.lettyeducontentservice.mapper.TeachplanMapper.selectMaps
2024-06-05 17:33:02,220 DEBUG [main][MybatisConfiguration.java:128] - addMappedStatement: com.lyle.lettyeducontentservice.mapper.TeachplanMapper.selectMaps
2024-06-05 17:33:02,221 DEBUG [main][MybatisConfiguration.java:128] - addMappedStatement: com.lyle.lettyeducontentservice.mapper.TeachplanMapper.selectMapsPage
2024-06-05 17:33:02,221 DEBUG [main][MybatisConfiguration.java:128] - addMappedStatement: com.lyle.lettyeducontentservice.mapper.TeachplanMapper.selectMapsPage
2024-06-05 17:33:02,222 DEBUG [main][MybatisConfiguration.java:128] - addMappedStatement: com.lyle.lettyeducontentservice.mapper.TeachplanMapper.selectObjs
2024-06-05 17:33:02,222 DEBUG [main][MybatisConfiguration.java:128] - addMappedStatement: com.lyle.lettyeducontentservice.mapper.TeachplanMapper.selectObjs
2024-06-05 17:33:02,222 DEBUG [main][MybatisConfiguration.java:128] - addMappedStatement: com.lyle.lettyeducontentservice.mapper.TeachplanMapper.selectList
2024-06-05 17:33:02,222 DEBUG [main][MybatisConfiguration.java:128] - addMappedStatement: com.lyle.lettyeducontentservice.mapper.TeachplanMapper.selectList
2024-06-05 17:33:02,222 DEBUG [main][MybatisConfiguration.java:128] - addMappedStatement: com.lyle.lettyeducontentservice.mapper.TeachplanMapper.selectPage
2024-06-05 17:33:02,222 DEBUG [main][MybatisConfiguration.java:128] - addMappedStatement: com.lyle.lettyeducontentservice.mapper.TeachplanMapper.selectPage
2024-06-05 17:33:02,224 DEBUG [main][MybatisConfiguration.java:128] - addMappedStatement: com.lyle.lettyeducontentservice.mapper.TeachplanMediaMapper.insert
2024-06-05 17:33:02,224 DEBUG [main][MybatisConfiguration.java:128] - addMappedStatement: com.lyle.lettyeducontentservice.mapper.TeachplanMediaMapper.insert
2024-06-05 17:33:02,225 DEBUG [main][MybatisConfiguration.java:128] - addMappedStatement: com.lyle.lettyeducontentservice.mapper.TeachplanMediaMapper.delete
2024-06-05 17:33:02,225 DEBUG [main][MybatisConfiguration.java:128] - addMappedStatement: com.lyle.lettyeducontentservice.mapper.TeachplanMediaMapper.delete
2024-06-05 17:33:02,225 DEBUG [main][MybatisConfiguration.java:128] - addMappedStatement: com.lyle.lettyeducontentservice.mapper.TeachplanMediaMapper.deleteByMap
2024-06-05 17:33:02,225 DEBUG [main][MybatisConfiguration.java:128] - addMappedStatement: com.lyle.lettyeducontentservice.mapper.TeachplanMediaMapper.deleteByMap
2024-06-05 17:33:02,226 DEBUG [main][MybatisConfiguration.java:128] - addMappedStatement: com.lyle.lettyeducontentservice.mapper.TeachplanMediaMapper.deleteById
2024-06-05 17:33:02,226 DEBUG [main][MybatisConfiguration.java:128] - addMappedStatement: com.lyle.lettyeducontentservice.mapper.TeachplanMediaMapper.deleteById
2024-06-05 17:33:02,226 DEBUG [main][MybatisConfiguration.java:128] - addMappedStatement: com.lyle.lettyeducontentservice.mapper.TeachplanMediaMapper.deleteBatchIds
2024-06-05 17:33:02,226 DEBUG [main][MybatisConfiguration.java:128] - addMappedStatement: com.lyle.lettyeducontentservice.mapper.TeachplanMediaMapper.deleteBatchIds
2024-06-05 17:33:02,227 DEBUG [main][MybatisConfiguration.java:128] - addMappedStatement: com.lyle.lettyeducontentservice.mapper.TeachplanMediaMapper.update
2024-06-05 17:33:02,227 DEBUG [main][MybatisConfiguration.java:128] - addMappedStatement: com.lyle.lettyeducontentservice.mapper.TeachplanMediaMapper.update
2024-06-05 17:33:02,227 DEBUG [main][MybatisConfiguration.java:128] - addMappedStatement: com.lyle.lettyeducontentservice.mapper.TeachplanMediaMapper.updateById
2024-06-05 17:33:02,227 DEBUG [main][MybatisConfiguration.java:128] - addMappedStatement: com.lyle.lettyeducontentservice.mapper.TeachplanMediaMapper.updateById
2024-06-05 17:33:02,227 DEBUG [main][MybatisConfiguration.java:128] - addMappedStatement: com.lyle.lettyeducontentservice.mapper.TeachplanMediaMapper.selectById
2024-06-05 17:33:02,227 DEBUG [main][MybatisConfiguration.java:128] - addMappedStatement: com.lyle.lettyeducontentservice.mapper.TeachplanMediaMapper.selectById
2024-06-05 17:33:02,228 DEBUG [main][MybatisConfiguration.java:128] - addMappedStatement: com.lyle.lettyeducontentservice.mapper.TeachplanMediaMapper.selectBatchIds
2024-06-05 17:33:02,228 DEBUG [main][MybatisConfiguration.java:128] - addMappedStatement: com.lyle.lettyeducontentservice.mapper.TeachplanMediaMapper.selectBatchIds
2024-06-05 17:33:02,228 DEBUG [main][MybatisConfiguration.java:128] - addMappedStatement: com.lyle.lettyeducontentservice.mapper.TeachplanMediaMapper.selectByMap
2024-06-05 17:33:02,228 DEBUG [main][MybatisConfiguration.java:128] - addMappedStatement: com.lyle.lettyeducontentservice.mapper.TeachplanMediaMapper.selectByMap
2024-06-05 17:33:02,229 DEBUG [main][MybatisConfiguration.java:128] - addMappedStatement: com.lyle.lettyeducontentservice.mapper.TeachplanMediaMapper.selectOne
2024-06-05 17:33:02,229 DEBUG [main][MybatisConfiguration.java:128] - addMappedStatement: com.lyle.lettyeducontentservice.mapper.TeachplanMediaMapper.selectOne
2024-06-05 17:33:02,230 DEBUG [main][MybatisConfiguration.java:128] - addMappedStatement: com.lyle.lettyeducontentservice.mapper.TeachplanMediaMapper.selectCount
2024-06-05 17:33:02,230 DEBUG [main][MybatisConfiguration.java:128] - addMappedStatement: com.lyle.lettyeducontentservice.mapper.TeachplanMediaMapper.selectCount
2024-06-05 17:33:02,230 DEBUG [main][MybatisConfiguration.java:128] - addMappedStatement: com.lyle.lettyeducontentservice.mapper.TeachplanMediaMapper.selectMaps
2024-06-05 17:33:02,230 DEBUG [main][MybatisConfiguration.java:128] - addMappedStatement: com.lyle.lettyeducontentservice.mapper.TeachplanMediaMapper.selectMaps
2024-06-05 17:33:02,231 DEBUG [main][MybatisConfiguration.java:128] - addMappedStatement: com.lyle.lettyeducontentservice.mapper.TeachplanMediaMapper.selectMapsPage
2024-06-05 17:33:02,231 DEBUG [main][MybatisConfiguration.java:128] - addMappedStatement: com.lyle.lettyeducontentservice.mapper.TeachplanMediaMapper.selectMapsPage
2024-06-05 17:33:02,231 DEBUG [main][MybatisConfiguration.java:128] - addMappedStatement: com.lyle.lettyeducontentservice.mapper.TeachplanMediaMapper.selectObjs
2024-06-05 17:33:02,231 DEBUG [main][MybatisConfiguration.java:128] - addMappedStatement: com.lyle.lettyeducontentservice.mapper.TeachplanMediaMapper.selectObjs
2024-06-05 17:33:02,232 DEBUG [main][MybatisConfiguration.java:128] - addMappedStatement: com.lyle.lettyeducontentservice.mapper.TeachplanMediaMapper.selectList
2024-06-05 17:33:02,232 DEBUG [main][MybatisConfiguration.java:128] - addMappedStatement: com.lyle.lettyeducontentservice.mapper.TeachplanMediaMapper.selectList
2024-06-05 17:33:02,232 DEBUG [main][MybatisConfiguration.java:128] - addMappedStatement: com.lyle.lettyeducontentservice.mapper.TeachplanMediaMapper.selectPage
2024-06-05 17:33:02,232 DEBUG [main][MybatisConfiguration.java:128] - addMappedStatement: com.lyle.lettyeducontentservice.mapper.TeachplanMediaMapper.selectPage
2024-06-05 17:33:02,257 INFO [main][DirectJDKLog.java:173] - Starting ProtocolHandler ["http-nio-63040"]
2024-06-05 17:33:02,257 INFO [main][DirectJDKLog.java:173] - Starting ProtocolHandler ["http-nio-63040"]
2024-06-05 17:33:02,272 INFO [main][TomcatWebServer.java:220] - Tomcat started on port(s): 63040 (http) with context path '/content'
2024-06-05 17:33:02,272 INFO [main][TomcatWebServer.java:220] - Tomcat started on port(s): 63040 (http) with context path '/content'
2024-06-05 17:33:02,273 INFO [main][DocumentationPluginsBootstrapper.java:160] - Context refreshed
2024-06-05 17:33:02,273 INFO [main][DocumentationPluginsBootstrapper.java:160] - Context refreshed
2024-06-05 17:33:02,278 INFO [main][DocumentationPluginsBootstrapper.java:163] - Found 1 custom documentation plugin(s)
2024-06-05 17:33:02,278 INFO [main][DocumentationPluginsBootstrapper.java:163] - Found 1 custom documentation plugin(s)
2024-06-05 17:33:02,291 INFO [main][ApiListingReferenceScanner.java:41] - Scanning for api listing references
2024-06-05 17:33:02,291 INFO [main][ApiListingReferenceScanner.java:41] - Scanning for api listing references
2024-06-05 17:33:02,355 INFO [main][StartupInfoLogger.java:61] - Started ContentApiApplication in 1.4 seconds (JVM running for 1.82)
2024-06-05 17:33:02,355 INFO [main][StartupInfoLogger.java:61] - Started ContentApiApplication in 1.4 seconds (JVM running for 1.82)
2024-06-05 17:33:07,930 INFO [http-nio-63040-exec-1][DirectJDKLog.java:173] - Initializing Spring DispatcherServlet 'dispatcherServlet'
2024-06-05 17:33:07,930 INFO [http-nio-63040-exec-1][DirectJDKLog.java:173] - Initializing Spring DispatcherServlet 'dispatcherServlet'
2024-06-05 17:33:07,931 INFO [http-nio-63040-exec-1][FrameworkServlet.java:525] - Initializing Servlet 'dispatcherServlet'
2024-06-05 17:33:07,931 INFO [http-nio-63040-exec-1][FrameworkServlet.java:525] - Initializing Servlet 'dispatcherServlet'
2024-06-05 17:33:07,934 INFO [http-nio-63040-exec-1][FrameworkServlet.java:547] - Completed initialization in 3 ms
2024-06-05 17:33:07,934 INFO [http-nio-63040-exec-1][FrameworkServlet.java:547] - Completed initialization in 3 ms
2024-06-05 17:42:42,052 INFO [SpringContextShutdownHook][ExecutorConfigurationSupport.java:218] - Shutting down ExecutorService 'applicationTaskExecutor'
2024-06-05 17:42:42,052 INFO [SpringContextShutdownHook][ExecutorConfigurationSupport.java:218] - Shutting down ExecutorService 'applicationTaskExecutor'
